<?xml version="1.0" encoding="UTF-8"?>
<testsuite name="com.miraeson.mini_site.service.ArticleServiceTest" tests="2" skipped="0" failures="0" errors="0" timestamp="2021-07-14T08:34:10" hostname="192.168.nate.com" time="0.386">
  <properties/>
  <testcase name="seeArticle()" classname="com.miraeson.mini_site.service.ArticleServiceTest" time="0.141"/>
  <testcase name="게시글 작성하기" classname="com.miraeson.mini_site.service.ArticleServiceTest" time="0.245"/>
  <system-out><![CDATA[2021-07-14 17:34:10.176  INFO 33902 --- [    Test worker] .b.t.c.SpringBootTestContextBootstrapper : Neither @ContextConfiguration nor @ContextHierarchy found for test class [com.miraeson.mini_site.service.ArticleServiceTest], using SpringBootContextLoader
2021-07-14 17:34:10.177  INFO 33902 --- [    Test worker] o.s.t.c.support.AbstractContextLoader    : Could not detect default resource locations for test class [com.miraeson.mini_site.service.ArticleServiceTest]: no resource found for suffixes {-context.xml, Context.groovy}.
2021-07-14 17:34:10.178  INFO 33902 --- [    Test worker] t.c.s.AnnotationConfigContextLoaderUtils : Could not detect default configuration classes for test class [com.miraeson.mini_site.service.ArticleServiceTest]: ArticleServiceTest does not declare any static, non-private, non-final, nested classes annotated with @Configuration.
2021-07-14 17:34:10.179  INFO 33902 --- [    Test worker] .b.t.c.SpringBootTestContextBootstrapper : Found @SpringBootConfiguration com.miraeson.mini_site.MiniSiteApplication for test class com.miraeson.mini_site.service.ArticleServiceTest
2021-07-14 17:34:10.180  INFO 33902 --- [    Test worker] .b.t.c.SpringBootTestContextBootstrapper : Loaded default TestExecutionListener class names from location [META-INF/spring.factories]: [org.springframework.boot.test.autoconfigure.restdocs.RestDocsTestExecutionListener, org.springframework.boot.test.autoconfigure.web.client.MockRestServiceServerResetTestExecutionListener, org.springframework.boot.test.autoconfigure.web.servlet.MockMvcPrintOnlyOnFailureTestExecutionListener, org.springframework.boot.test.autoconfigure.web.servlet.WebDriverTestExecutionListener, org.springframework.boot.test.autoconfigure.webservices.client.MockWebServiceServerTestExecutionListener, org.springframework.boot.test.mock.mockito.MockitoTestExecutionListener, org.springframework.boot.test.mock.mockito.ResetMocksTestExecutionListener, org.springframework.test.context.web.ServletTestExecutionListener, org.springframework.test.context.support.DirtiesContextBeforeModesTestExecutionListener, org.springframework.test.context.event.ApplicationEventsTestExecutionListener, org.springframework.test.context.support.DependencyInjectionTestExecutionListener, org.springframework.test.context.support.DirtiesContextTestExecutionListener, org.springframework.test.context.transaction.TransactionalTestExecutionListener, org.springframework.test.context.jdbc.SqlScriptsTestExecutionListener, org.springframework.test.context.event.EventPublishingTestExecutionListener]
2021-07-14 17:34:10.181  INFO 33902 --- [    Test worker] .b.t.c.SpringBootTestContextBootstrapper : Using TestExecutionListeners: [org.springframework.test.context.web.ServletTestExecutionListener@6fd610d, org.springframework.test.context.support.DirtiesContextBeforeModesTestExecutionListener@57dbd28b, org.springframework.test.context.event.ApplicationEventsTestExecutionListener@281b10df, org.springframework.boot.test.mock.mockito.MockitoTestExecutionListener@64d4c84c, org.springframework.boot.test.autoconfigure.SpringBootDependencyInjectionTestExecutionListener@9cc28d2, org.springframework.test.context.support.DirtiesContextTestExecutionListener@aecea, org.springframework.test.context.transaction.TransactionalTestExecutionListener@70e789dc, org.springframework.test.context.jdbc.SqlScriptsTestExecutionListener@3233a924, org.springframework.test.context.event.EventPublishingTestExecutionListener@5ad18d08, org.springframework.boot.test.autoconfigure.restdocs.RestDocsTestExecutionListener@d6b4704, org.springframework.boot.test.autoconfigure.web.client.MockRestServiceServerResetTestExecutionListener@410e861c, org.springframework.boot.test.autoconfigure.web.servlet.MockMvcPrintOnlyOnFailureTestExecutionListener@6e5b6d90, org.springframework.boot.test.autoconfigure.web.servlet.WebDriverTestExecutionListener@38b4049e, org.springframework.boot.test.autoconfigure.webservices.client.MockWebServiceServerTestExecutionListener@6fb027eb, org.springframework.boot.test.mock.mockito.ResetMocksTestExecutionListener@5a3b6267]
2021-07-14 17:34:10.211  INFO 33902 --- [    Test worker] o.s.t.c.transaction.TransactionContext   : Began transaction (1) for test context [DefaultTestContext@77b1dad0 testClass = ArticleServiceTest, testInstance = com.miraeson.mini_site.service.ArticleServiceTest@195024b2, testMethod = seeArticle@ArticleServiceTest, testException = [null], mergedContextConfiguration = [WebMergedContextConfiguration@18f955a5 testClass = ArticleServiceTest, locations = '{}', classes = '{class com.miraeson.mini_site.MiniSiteApplication}', contextInitializerClasses = '[]', activeProfiles = '{}', propertySourceLocations = '{}', propertySourceProperties = '{org.springframework.boot.test.context.SpringBootTestContextBootstrapper=true}', contextCustomizers = set[org.springframework.boot.test.autoconfigure.actuate.metrics.MetricsExportContextCustomizerFactory$DisableMetricExportContextCustomizer@70e7940a, org.springframework.boot.test.autoconfigure.properties.PropertyMappingContextCustomizer@0, org.springframework.boot.test.autoconfigure.web.servlet.WebDriverContextCustomizerFactory$Customizer@40f26fbb, org.springframework.boot.test.context.filter.ExcludeFilterContextCustomizer@6f88d60f, org.springframework.boot.test.json.DuplicateJsonObjectContextCustomizerFactory$DuplicateJsonObjectContextCustomizer@2eee2919, org.springframework.boot.test.mock.mockito.MockitoContextCustomizer@0, org.springframework.boot.test.web.client.TestRestTemplateContextCustomizer@5298279e, org.springframework.boot.test.context.SpringBootTestArgs@1, org.springframework.boot.test.context.SpringBootTestWebEnvironment@1f2b5b02], resourceBasePath = 'src/main/webapp', contextLoader = 'org.springframework.boot.test.context.SpringBootContextLoader', parent = [null]], attributes = map['org.springframework.test.context.web.ServletTestExecutionListener.activateListener' -> true, 'org.springframework.test.context.web.ServletTestExecutionListener.populatedRequestContextHolder' -> true, 'org.springframework.test.context.web.ServletTestExecutionListener.resetRequestContextHolder' -> true, 'org.springframework.test.context.event.ApplicationEventsTestExecutionListener.recordApplicationEvents' -> false]]; transaction manager [org.springframework.orm.jpa.JpaTransactionManager@570f0bcf]; rollback [true]
Hibernate: select article0_.id as id1_0_0_, article0_.board as board2_0_0_, article0_.content as content3_0_0_, article0_.created_time as created_4_0_0_, article0_.deleted as deleted5_0_0_, article0_.title as title6_0_0_, article0_.updated_time as updated_7_0_0_, article0_.user_id as user_id9_0_0_, article0_.views as views8_0_0_ from article article0_ where article0_.id=?
2021-07-14 17:34:10.323  INFO 33902 --- [    Test worker] o.s.t.c.transaction.TransactionContext   : Rolled back transaction for test: [DefaultTestContext@77b1dad0 testClass = ArticleServiceTest, testInstance = com.miraeson.mini_site.service.ArticleServiceTest@195024b2, testMethod = seeArticle@ArticleServiceTest, testException = [null], mergedContextConfiguration = [WebMergedContextConfiguration@18f955a5 testClass = ArticleServiceTest, locations = '{}', classes = '{class com.miraeson.mini_site.MiniSiteApplication}', contextInitializerClasses = '[]', activeProfiles = '{}', propertySourceLocations = '{}', propertySourceProperties = '{org.springframework.boot.test.context.SpringBootTestContextBootstrapper=true}', contextCustomizers = set[org.springframework.boot.test.autoconfigure.actuate.metrics.MetricsExportContextCustomizerFactory$DisableMetricExportContextCustomizer@70e7940a, org.springframework.boot.test.autoconfigure.properties.PropertyMappingContextCustomizer@0, org.springframework.boot.test.autoconfigure.web.servlet.WebDriverContextCustomizerFactory$Customizer@40f26fbb, org.springframework.boot.test.context.filter.ExcludeFilterContextCustomizer@6f88d60f, org.springframework.boot.test.json.DuplicateJsonObjectContextCustomizerFactory$DuplicateJsonObjectContextCustomizer@2eee2919, org.springframework.boot.test.mock.mockito.MockitoContextCustomizer@0, org.springframework.boot.test.web.client.TestRestTemplateContextCustomizer@5298279e, org.springframework.boot.test.context.SpringBootTestArgs@1, org.springframework.boot.test.context.SpringBootTestWebEnvironment@1f2b5b02], resourceBasePath = 'src/main/webapp', contextLoader = 'org.springframework.boot.test.context.SpringBootContextLoader', parent = [null]], attributes = map['org.springframework.test.context.web.ServletTestExecutionListener.activateListener' -> true, 'org.springframework.test.context.web.ServletTestExecutionListener.populatedRequestContextHolder' -> true, 'org.springframework.test.context.web.ServletTestExecutionListener.resetRequestContextHolder' -> true, 'org.springframework.test.context.event.ApplicationEventsTestExecutionListener.recordApplicationEvents' -> false]]
2021-07-14 17:34:10.354  INFO 33902 --- [    Test worker] o.s.t.c.transaction.TransactionContext   : Began transaction (1) for test context [DefaultTestContext@77b1dad0 testClass = ArticleServiceTest, testInstance = com.miraeson.mini_site.service.ArticleServiceTest@5b0ff8b, testMethod = writeArticle@ArticleServiceTest, testException = [null], mergedContextConfiguration = [WebMergedContextConfiguration@18f955a5 testClass = ArticleServiceTest, locations = '{}', classes = '{class com.miraeson.mini_site.MiniSiteApplication}', contextInitializerClasses = '[]', activeProfiles = '{}', propertySourceLocations = '{}', propertySourceProperties = '{org.springframework.boot.test.context.SpringBootTestContextBootstrapper=true}', contextCustomizers = set[org.springframework.boot.test.autoconfigure.actuate.metrics.MetricsExportContextCustomizerFactory$DisableMetricExportContextCustomizer@70e7940a, org.springframework.boot.test.autoconfigure.properties.PropertyMappingContextCustomizer@0, org.springframework.boot.test.autoconfigure.web.servlet.WebDriverContextCustomizerFactory$Customizer@40f26fbb, org.springframework.boot.test.context.filter.ExcludeFilterContextCustomizer@6f88d60f, org.springframework.boot.test.json.DuplicateJsonObjectContextCustomizerFactory$DuplicateJsonObjectContextCustomizer@2eee2919, org.springframework.boot.test.mock.mockito.MockitoContextCustomizer@0, org.springframework.boot.test.web.client.TestRestTemplateContextCustomizer@5298279e, org.springframework.boot.test.context.SpringBootTestArgs@1, org.springframework.boot.test.context.SpringBootTestWebEnvironment@1f2b5b02], resourceBasePath = 'src/main/webapp', contextLoader = 'org.springframework.boot.test.context.SpringBootContextLoader', parent = [null]], attributes = map['org.springframework.test.context.web.ServletTestExecutionListener.activateListener' -> true, 'org.springframework.test.context.web.ServletTestExecutionListener.populatedRequestContextHolder' -> true, 'org.springframework.test.context.web.ServletTestExecutionListener.resetRequestContextHolder' -> true, 'org.springframework.test.context.event.ApplicationEventsTestExecutionListener.recordApplicationEvents' -> false]]; transaction manager [org.springframework.orm.jpa.JpaTransactionManager@570f0bcf]; rollback [true]
Hibernate: select user0_.id as id1_1_0_, user0_.admin as admin2_1_0_, user0_.avatar as avatar3_1_0_, user0_.created_time as created_4_1_0_, user0_.email as email5_1_0_, user0_.memo as memo6_1_0_, user0_.social_type as social_t7_1_0_, user0_.username as username8_1_0_, user0_.withdraw as withdraw9_1_0_, user0_.withdraw_time as withdra10_1_0_ from user user0_ where user0_.id=?
article = com.miraeson.mini_site.domain.Article@58ed5224
Hibernate: insert into article (board, content, created_time, deleted, title, updated_time, user_id, views) values (?, ?, ?, ?, ?, ?, ?, ?)
2021-07-14 17:34:10.568  INFO 33902 --- [    Test worker] o.s.t.c.transaction.TransactionContext   : Rolled back transaction for test: [DefaultTestContext@77b1dad0 testClass = ArticleServiceTest, testInstance = com.miraeson.mini_site.service.ArticleServiceTest@5b0ff8b, testMethod = writeArticle@ArticleServiceTest, testException = [null], mergedContextConfiguration = [WebMergedContextConfiguration@18f955a5 testClass = ArticleServiceTest, locations = '{}', classes = '{class com.miraeson.mini_site.MiniSiteApplication}', contextInitializerClasses = '[]', activeProfiles = '{}', propertySourceLocations = '{}', propertySourceProperties = '{org.springframework.boot.test.context.SpringBootTestContextBootstrapper=true}', contextCustomizers = set[org.springframework.boot.test.autoconfigure.actuate.metrics.MetricsExportContextCustomizerFactory$DisableMetricExportContextCustomizer@70e7940a, org.springframework.boot.test.autoconfigure.properties.PropertyMappingContextCustomizer@0, org.springframework.boot.test.autoconfigure.web.servlet.WebDriverContextCustomizerFactory$Customizer@40f26fbb, org.springframework.boot.test.context.filter.ExcludeFilterContextCustomizer@6f88d60f, org.springframework.boot.test.json.DuplicateJsonObjectContextCustomizerFactory$DuplicateJsonObjectContextCustomizer@2eee2919, org.springframework.boot.test.mock.mockito.MockitoContextCustomizer@0, org.springframework.boot.test.web.client.TestRestTemplateContextCustomizer@5298279e, org.springframework.boot.test.context.SpringBootTestArgs@1, org.springframework.boot.test.context.SpringBootTestWebEnvironment@1f2b5b02], resourceBasePath = 'src/main/webapp', contextLoader = 'org.springframework.boot.test.context.SpringBootContextLoader', parent = [null]], attributes = map['org.springframework.test.context.web.ServletTestExecutionListener.activateListener' -> true, 'org.springframework.test.context.web.ServletTestExecutionListener.populatedRequestContextHolder' -> true, 'org.springframework.test.context.web.ServletTestExecutionListener.resetRequestContextHolder' -> true, 'org.springframework.test.context.event.ApplicationEventsTestExecutionListener.recordApplicationEvents' -> false]]
]]></system-out>
  <system-err><![CDATA[]]></system-err>
</testsuite>
