<?xml version="1.0" encoding="UTF-8"?>
<testsuite name="com.miraeson.mini_site.service.ArticleServiceTest" tests="1" skipped="0" failures="0" errors="0" timestamp="2021-07-14T00:28:39" hostname="192.168.nate.com" time="0.189">
  <properties/>
  <testcase name="게시글 작성하기" classname="com.miraeson.mini_site.service.ArticleServiceTest" time="0.189"/>
  <system-out><![CDATA[2021-07-14 09:28:39.478  INFO 7437 --- [    Test worker] .b.t.c.SpringBootTestContextBootstrapper : Neither @ContextConfiguration nor @ContextHierarchy found for test class [com.miraeson.mini_site.service.ArticleServiceTest], using SpringBootContextLoader
2021-07-14 09:28:39.479  INFO 7437 --- [    Test worker] o.s.t.c.support.AbstractContextLoader    : Could not detect default resource locations for test class [com.miraeson.mini_site.service.ArticleServiceTest]: no resource found for suffixes {-context.xml, Context.groovy}.
2021-07-14 09:28:39.479  INFO 7437 --- [    Test worker] t.c.s.AnnotationConfigContextLoaderUtils : Could not detect default configuration classes for test class [com.miraeson.mini_site.service.ArticleServiceTest]: ArticleServiceTest does not declare any static, non-private, non-final, nested classes annotated with @Configuration.
2021-07-14 09:28:39.480  INFO 7437 --- [    Test worker] .b.t.c.SpringBootTestContextBootstrapper : Found @SpringBootConfiguration com.miraeson.mini_site.MiniSiteApplication for test class com.miraeson.mini_site.service.ArticleServiceTest
2021-07-14 09:28:39.481  INFO 7437 --- [    Test worker] .b.t.c.SpringBootTestContextBootstrapper : Loaded default TestExecutionListener class names from location [META-INF/spring.factories]: [org.springframework.boot.test.autoconfigure.restdocs.RestDocsTestExecutionListener, org.springframework.boot.test.autoconfigure.web.client.MockRestServiceServerResetTestExecutionListener, org.springframework.boot.test.autoconfigure.web.servlet.MockMvcPrintOnlyOnFailureTestExecutionListener, org.springframework.boot.test.autoconfigure.web.servlet.WebDriverTestExecutionListener, org.springframework.boot.test.autoconfigure.webservices.client.MockWebServiceServerTestExecutionListener, org.springframework.boot.test.mock.mockito.MockitoTestExecutionListener, org.springframework.boot.test.mock.mockito.ResetMocksTestExecutionListener, org.springframework.test.context.web.ServletTestExecutionListener, org.springframework.test.context.support.DirtiesContextBeforeModesTestExecutionListener, org.springframework.test.context.event.ApplicationEventsTestExecutionListener, org.springframework.test.context.support.DependencyInjectionTestExecutionListener, org.springframework.test.context.support.DirtiesContextTestExecutionListener, org.springframework.test.context.transaction.TransactionalTestExecutionListener, org.springframework.test.context.jdbc.SqlScriptsTestExecutionListener, org.springframework.test.context.event.EventPublishingTestExecutionListener]
2021-07-14 09:28:39.482  INFO 7437 --- [    Test worker] .b.t.c.SpringBootTestContextBootstrapper : Using TestExecutionListeners: [org.springframework.test.context.web.ServletTestExecutionListener@5c76d39a, org.springframework.test.context.support.DirtiesContextBeforeModesTestExecutionListener@40f5ae16, org.springframework.test.context.event.ApplicationEventsTestExecutionListener@428a3e, org.springframework.boot.test.mock.mockito.MockitoTestExecutionListener@6604693, org.springframework.boot.test.autoconfigure.SpringBootDependencyInjectionTestExecutionListener@6ce0bfc6, org.springframework.test.context.support.DirtiesContextTestExecutionListener@1083952, org.springframework.test.context.transaction.TransactionalTestExecutionListener@150f4037, org.springframework.test.context.jdbc.SqlScriptsTestExecutionListener@11dfd8db, org.springframework.test.context.event.EventPublishingTestExecutionListener@78284ba9, org.springframework.boot.test.autoconfigure.restdocs.RestDocsTestExecutionListener@382a3f57, org.springframework.boot.test.autoconfigure.web.client.MockRestServiceServerResetTestExecutionListener@57cbce9d, org.springframework.boot.test.autoconfigure.web.servlet.MockMvcPrintOnlyOnFailureTestExecutionListener@383dcdbf, org.springframework.boot.test.autoconfigure.web.servlet.WebDriverTestExecutionListener@2f2bc12, org.springframework.boot.test.autoconfigure.webservices.client.MockWebServiceServerTestExecutionListener@6b4bfb9c, org.springframework.boot.test.mock.mockito.ResetMocksTestExecutionListener@627d7f4e]
2021-07-14 09:28:39.507  INFO 7437 --- [    Test worker] o.s.t.c.transaction.TransactionContext   : Began transaction (1) for test context [DefaultTestContext@1ed32c68 testClass = ArticleServiceTest, testInstance = com.miraeson.mini_site.service.ArticleServiceTest@72f03e77, testMethod = writeArticle@ArticleServiceTest, testException = [null], mergedContextConfiguration = [WebMergedContextConfiguration@20ad416d testClass = ArticleServiceTest, locations = '{}', classes = '{class com.miraeson.mini_site.MiniSiteApplication}', contextInitializerClasses = '[]', activeProfiles = '{}', propertySourceLocations = '{}', propertySourceProperties = '{org.springframework.boot.test.context.SpringBootTestContextBootstrapper=true}', contextCustomizers = set[org.springframework.boot.test.autoconfigure.actuate.metrics.MetricsExportContextCustomizerFactory$DisableMetricExportContextCustomizer@31b0407d, org.springframework.boot.test.autoconfigure.properties.PropertyMappingContextCustomizer@0, org.springframework.boot.test.autoconfigure.web.servlet.WebDriverContextCustomizerFactory$Customizer@3ae8f5d2, org.springframework.boot.test.context.filter.ExcludeFilterContextCustomizer@1fe9649f, org.springframework.boot.test.json.DuplicateJsonObjectContextCustomizerFactory$DuplicateJsonObjectContextCustomizer@4812cb9c, org.springframework.boot.test.mock.mockito.MockitoContextCustomizer@0, org.springframework.boot.test.web.client.TestRestTemplateContextCustomizer@69672e8c, org.springframework.boot.test.context.SpringBootTestArgs@1, org.springframework.boot.test.context.SpringBootTestWebEnvironment@10f7fa14], resourceBasePath = 'src/main/webapp', contextLoader = 'org.springframework.boot.test.context.SpringBootContextLoader', parent = [null]], attributes = map['org.springframework.test.context.web.ServletTestExecutionListener.activateListener' -> true, 'org.springframework.test.context.web.ServletTestExecutionListener.populatedRequestContextHolder' -> true, 'org.springframework.test.context.web.ServletTestExecutionListener.resetRequestContextHolder' -> true, 'org.springframework.test.context.event.ApplicationEventsTestExecutionListener.recordApplicationEvents' -> false]]; transaction manager [org.springframework.orm.jpa.JpaTransactionManager@4b622214]; rollback [true]
Hibernate: select user0_.id as id1_1_0_, user0_.admin as admin2_1_0_, user0_.avatar as avatar3_1_0_, user0_.created_time as created_4_1_0_, user0_.email as email5_1_0_, user0_.memo as memo6_1_0_, user0_.social_type as social_t7_1_0_, user0_.username as username8_1_0_, user0_.withdraw as withdraw9_1_0_, user0_.withdraw_time as withdra10_1_0_ from user user0_ where user0_.id=?
article = com.miraeson.domain.Article@3a399a1f
Hibernate: insert into article (board, content, created_time, deleted, title, updated_time, user_id, views) values (?, ?, ?, ?, ?, ?, ?, ?)
2021-07-14 09:28:39.673  INFO 7437 --- [    Test worker] o.s.t.c.transaction.TransactionContext   : Rolled back transaction for test: [DefaultTestContext@1ed32c68 testClass = ArticleServiceTest, testInstance = com.miraeson.mini_site.service.ArticleServiceTest@72f03e77, testMethod = writeArticle@ArticleServiceTest, testException = [null], mergedContextConfiguration = [WebMergedContextConfiguration@20ad416d testClass = ArticleServiceTest, locations = '{}', classes = '{class com.miraeson.mini_site.MiniSiteApplication}', contextInitializerClasses = '[]', activeProfiles = '{}', propertySourceLocations = '{}', propertySourceProperties = '{org.springframework.boot.test.context.SpringBootTestContextBootstrapper=true}', contextCustomizers = set[org.springframework.boot.test.autoconfigure.actuate.metrics.MetricsExportContextCustomizerFactory$DisableMetricExportContextCustomizer@31b0407d, org.springframework.boot.test.autoconfigure.properties.PropertyMappingContextCustomizer@0, org.springframework.boot.test.autoconfigure.web.servlet.WebDriverContextCustomizerFactory$Customizer@3ae8f5d2, org.springframework.boot.test.context.filter.ExcludeFilterContextCustomizer@1fe9649f, org.springframework.boot.test.json.DuplicateJsonObjectContextCustomizerFactory$DuplicateJsonObjectContextCustomizer@4812cb9c, org.springframework.boot.test.mock.mockito.MockitoContextCustomizer@0, org.springframework.boot.test.web.client.TestRestTemplateContextCustomizer@69672e8c, org.springframework.boot.test.context.SpringBootTestArgs@1, org.springframework.boot.test.context.SpringBootTestWebEnvironment@10f7fa14], resourceBasePath = 'src/main/webapp', contextLoader = 'org.springframework.boot.test.context.SpringBootContextLoader', parent = [null]], attributes = map['org.springframework.test.context.web.ServletTestExecutionListener.activateListener' -> true, 'org.springframework.test.context.web.ServletTestExecutionListener.populatedRequestContextHolder' -> true, 'org.springframework.test.context.web.ServletTestExecutionListener.resetRequestContextHolder' -> true, 'org.springframework.test.context.event.ApplicationEventsTestExecutionListener.recordApplicationEvents' -> false]]
]]></system-out>
  <system-err><![CDATA[]]></system-err>
</testsuite>
