<?xml version="1.0" encoding="UTF-8"?>
<testsuite name="com.miraeson.mini_site.repository.UserMySqlRepositoryTest" tests="1" skipped="0" failures="0" errors="0" timestamp="2021-07-14T08:03:43" hostname="192.168.nate.com" time="0.233">
  <properties/>
  <testcase name="가입 안되어있을 때 회원가입하기" classname="com.miraeson.mini_site.repository.UserMySqlRepositoryTest" time="0.233"/>
  <system-out><![CDATA[2021-07-14 17:03:43.356  INFO 30415 --- [    Test worker] .b.t.c.SpringBootTestContextBootstrapper : Neither @ContextConfiguration nor @ContextHierarchy found for test class [com.miraeson.mini_site.repository.UserMySqlRepositoryTest], using SpringBootContextLoader
2021-07-14 17:03:43.356  INFO 30415 --- [    Test worker] o.s.t.c.support.AbstractContextLoader    : Could not detect default resource locations for test class [com.miraeson.mini_site.repository.UserMySqlRepositoryTest]: no resource found for suffixes {-context.xml, Context.groovy}.
2021-07-14 17:03:43.357  INFO 30415 --- [    Test worker] t.c.s.AnnotationConfigContextLoaderUtils : Could not detect default configuration classes for test class [com.miraeson.mini_site.repository.UserMySqlRepositoryTest]: UserMySqlRepositoryTest does not declare any static, non-private, non-final, nested classes annotated with @Configuration.
2021-07-14 17:03:43.361  INFO 30415 --- [    Test worker] .b.t.c.SpringBootTestContextBootstrapper : Found @SpringBootConfiguration com.miraeson.mini_site.MiniSiteApplication for test class com.miraeson.mini_site.repository.UserMySqlRepositoryTest
2021-07-14 17:03:43.363  INFO 30415 --- [    Test worker] .b.t.c.SpringBootTestContextBootstrapper : Loaded default TestExecutionListener class names from location [META-INF/spring.factories]: [org.springframework.boot.test.autoconfigure.restdocs.RestDocsTestExecutionListener, org.springframework.boot.test.autoconfigure.web.client.MockRestServiceServerResetTestExecutionListener, org.springframework.boot.test.autoconfigure.web.servlet.MockMvcPrintOnlyOnFailureTestExecutionListener, org.springframework.boot.test.autoconfigure.web.servlet.WebDriverTestExecutionListener, org.springframework.boot.test.autoconfigure.webservices.client.MockWebServiceServerTestExecutionListener, org.springframework.boot.test.mock.mockito.MockitoTestExecutionListener, org.springframework.boot.test.mock.mockito.ResetMocksTestExecutionListener, org.springframework.test.context.web.ServletTestExecutionListener, org.springframework.test.context.support.DirtiesContextBeforeModesTestExecutionListener, org.springframework.test.context.event.ApplicationEventsTestExecutionListener, org.springframework.test.context.support.DependencyInjectionTestExecutionListener, org.springframework.test.context.support.DirtiesContextTestExecutionListener, org.springframework.test.context.transaction.TransactionalTestExecutionListener, org.springframework.test.context.jdbc.SqlScriptsTestExecutionListener, org.springframework.test.context.event.EventPublishingTestExecutionListener]
2021-07-14 17:03:43.363  INFO 30415 --- [    Test worker] .b.t.c.SpringBootTestContextBootstrapper : Using TestExecutionListeners: [org.springframework.test.context.web.ServletTestExecutionListener@2824c840, org.springframework.test.context.support.DirtiesContextBeforeModesTestExecutionListener@27fa4096, org.springframework.test.context.event.ApplicationEventsTestExecutionListener@76314235, org.springframework.boot.test.mock.mockito.MockitoTestExecutionListener@638b3969, org.springframework.boot.test.autoconfigure.SpringBootDependencyInjectionTestExecutionListener@6d639b90, org.springframework.test.context.support.DirtiesContextTestExecutionListener@18e8885a, org.springframework.test.context.transaction.TransactionalTestExecutionListener@64345198, org.springframework.test.context.jdbc.SqlScriptsTestExecutionListener@5e4e6c06, org.springframework.test.context.event.EventPublishingTestExecutionListener@2f00c344, org.springframework.boot.test.autoconfigure.restdocs.RestDocsTestExecutionListener@737624a6, org.springframework.boot.test.autoconfigure.web.client.MockRestServiceServerResetTestExecutionListener@350803c1, org.springframework.boot.test.autoconfigure.web.servlet.MockMvcPrintOnlyOnFailureTestExecutionListener@180b673a, org.springframework.boot.test.autoconfigure.web.servlet.WebDriverTestExecutionListener@31b88d9c, org.springframework.boot.test.autoconfigure.webservices.client.MockWebServiceServerTestExecutionListener@7329cc19, org.springframework.boot.test.mock.mockito.ResetMocksTestExecutionListener@6cacfb6]
2021-07-14 17:03:43.457  INFO 30415 --- [    Test worker] o.s.t.c.transaction.TransactionContext   : Began transaction (1) for test context [DefaultTestContext@348831ca testClass = UserMySqlRepositoryTest, testInstance = com.miraeson.mini_site.repository.UserMySqlRepositoryTest@1309ad84, testMethod = save@UserMySqlRepositoryTest, testException = [null], mergedContextConfiguration = [WebMergedContextConfiguration@2f8a2eab testClass = UserMySqlRepositoryTest, locations = '{}', classes = '{class com.miraeson.mini_site.MiniSiteApplication}', contextInitializerClasses = '[]', activeProfiles = '{}', propertySourceLocations = '{}', propertySourceProperties = '{org.springframework.boot.test.context.SpringBootTestContextBootstrapper=true}', contextCustomizers = set[org.springframework.boot.test.autoconfigure.actuate.metrics.MetricsExportContextCustomizerFactory$DisableMetricExportContextCustomizer@1a67df73, org.springframework.boot.test.autoconfigure.properties.PropertyMappingContextCustomizer@0, org.springframework.boot.test.autoconfigure.web.servlet.WebDriverContextCustomizerFactory$Customizer@32513fa9, org.springframework.boot.test.context.filter.ExcludeFilterContextCustomizer@1b1f757e, org.springframework.boot.test.json.DuplicateJsonObjectContextCustomizerFactory$DuplicateJsonObjectContextCustomizer@47b0d2cc, org.springframework.boot.test.mock.mockito.MockitoContextCustomizer@0, org.springframework.boot.test.web.client.TestRestTemplateContextCustomizer@ec42a06, org.springframework.boot.test.context.SpringBootTestArgs@1, org.springframework.boot.test.context.SpringBootTestWebEnvironment@78210aaf], resourceBasePath = 'src/main/webapp', contextLoader = 'org.springframework.boot.test.context.SpringBootContextLoader', parent = [null]], attributes = map['org.springframework.test.context.web.ServletTestExecutionListener.activateListener' -> true, 'org.springframework.test.context.web.ServletTestExecutionListener.populatedRequestContextHolder' -> true, 'org.springframework.test.context.web.ServletTestExecutionListener.resetRequestContextHolder' -> true, 'org.springframework.test.context.event.ApplicationEventsTestExecutionListener.recordApplicationEvents' -> false]]; transaction manager [org.springframework.orm.jpa.JpaTransactionManager@469432fb]; rollback [true]
Hibernate: insert into user (admin, avatar, created_time, email, memo, social_type, username, withdraw, withdraw_time) values (?, ?, ?, ?, ?, ?, ?, ?, ?)
2021-07-14 17:03:43.597  INFO 30415 --- [    Test worker] o.s.t.c.transaction.TransactionContext   : Rolled back transaction for test: [DefaultTestContext@348831ca testClass = UserMySqlRepositoryTest, testInstance = com.miraeson.mini_site.repository.UserMySqlRepositoryTest@1309ad84, testMethod = save@UserMySqlRepositoryTest, testException = [null], mergedContextConfiguration = [WebMergedContextConfiguration@2f8a2eab testClass = UserMySqlRepositoryTest, locations = '{}', classes = '{class com.miraeson.mini_site.MiniSiteApplication}', contextInitializerClasses = '[]', activeProfiles = '{}', propertySourceLocations = '{}', propertySourceProperties = '{org.springframework.boot.test.context.SpringBootTestContextBootstrapper=true}', contextCustomizers = set[org.springframework.boot.test.autoconfigure.actuate.metrics.MetricsExportContextCustomizerFactory$DisableMetricExportContextCustomizer@1a67df73, org.springframework.boot.test.autoconfigure.properties.PropertyMappingContextCustomizer@0, org.springframework.boot.test.autoconfigure.web.servlet.WebDriverContextCustomizerFactory$Customizer@32513fa9, org.springframework.boot.test.context.filter.ExcludeFilterContextCustomizer@1b1f757e, org.springframework.boot.test.json.DuplicateJsonObjectContextCustomizerFactory$DuplicateJsonObjectContextCustomizer@47b0d2cc, org.springframework.boot.test.mock.mockito.MockitoContextCustomizer@0, org.springframework.boot.test.web.client.TestRestTemplateContextCustomizer@ec42a06, org.springframework.boot.test.context.SpringBootTestArgs@1, org.springframework.boot.test.context.SpringBootTestWebEnvironment@78210aaf], resourceBasePath = 'src/main/webapp', contextLoader = 'org.springframework.boot.test.context.SpringBootContextLoader', parent = [null]], attributes = map['org.springframework.test.context.web.ServletTestExecutionListener.activateListener' -> true, 'org.springframework.test.context.web.ServletTestExecutionListener.populatedRequestContextHolder' -> true, 'org.springframework.test.context.web.ServletTestExecutionListener.resetRequestContextHolder' -> true, 'org.springframework.test.context.event.ApplicationEventsTestExecutionListener.recordApplicationEvents' -> false]]
]]></system-out>
  <system-err><![CDATA[]]></system-err>
</testsuite>
