<?xml version="1.0" encoding="UTF-8"?>
<testsuite name="com.miraeson.mini_site.repository.UserMySqlRepositoryTest" tests="1" skipped="0" failures="0" errors="0" timestamp="2021-07-14T00:42:07" hostname="192.168.nate.com" time="0.218">
  <properties/>
  <testcase name="가입 안되어있을 때 회원가입하기" classname="com.miraeson.mini_site.repository.UserMySqlRepositoryTest" time="0.218"/>
  <system-out><![CDATA[2021-07-14 09:42:07.900  INFO 8888 --- [    Test worker] .b.t.c.SpringBootTestContextBootstrapper : Neither @ContextConfiguration nor @ContextHierarchy found for test class [com.miraeson.mini_site.repository.UserMySqlRepositoryTest], using SpringBootContextLoader
2021-07-14 09:42:07.901  INFO 8888 --- [    Test worker] o.s.t.c.support.AbstractContextLoader    : Could not detect default resource locations for test class [com.miraeson.mini_site.repository.UserMySqlRepositoryTest]: no resource found for suffixes {-context.xml, Context.groovy}.
2021-07-14 09:42:07.901  INFO 8888 --- [    Test worker] t.c.s.AnnotationConfigContextLoaderUtils : Could not detect default configuration classes for test class [com.miraeson.mini_site.repository.UserMySqlRepositoryTest]: UserMySqlRepositoryTest does not declare any static, non-private, non-final, nested classes annotated with @Configuration.
2021-07-14 09:42:07.906  INFO 8888 --- [    Test worker] .b.t.c.SpringBootTestContextBootstrapper : Found @SpringBootConfiguration com.miraeson.mini_site.MiniSiteApplication for test class com.miraeson.mini_site.repository.UserMySqlRepositoryTest
2021-07-14 09:42:07.907  INFO 8888 --- [    Test worker] .b.t.c.SpringBootTestContextBootstrapper : Loaded default TestExecutionListener class names from location [META-INF/spring.factories]: [org.springframework.boot.test.autoconfigure.restdocs.RestDocsTestExecutionListener, org.springframework.boot.test.autoconfigure.web.client.MockRestServiceServerResetTestExecutionListener, org.springframework.boot.test.autoconfigure.web.servlet.MockMvcPrintOnlyOnFailureTestExecutionListener, org.springframework.boot.test.autoconfigure.web.servlet.WebDriverTestExecutionListener, org.springframework.boot.test.autoconfigure.webservices.client.MockWebServiceServerTestExecutionListener, org.springframework.boot.test.mock.mockito.MockitoTestExecutionListener, org.springframework.boot.test.mock.mockito.ResetMocksTestExecutionListener, org.springframework.test.context.web.ServletTestExecutionListener, org.springframework.test.context.support.DirtiesContextBeforeModesTestExecutionListener, org.springframework.test.context.event.ApplicationEventsTestExecutionListener, org.springframework.test.context.support.DependencyInjectionTestExecutionListener, org.springframework.test.context.support.DirtiesContextTestExecutionListener, org.springframework.test.context.transaction.TransactionalTestExecutionListener, org.springframework.test.context.jdbc.SqlScriptsTestExecutionListener, org.springframework.test.context.event.EventPublishingTestExecutionListener]
2021-07-14 09:42:07.908  INFO 8888 --- [    Test worker] .b.t.c.SpringBootTestContextBootstrapper : Using TestExecutionListeners: [org.springframework.test.context.web.ServletTestExecutionListener@24760542, org.springframework.test.context.support.DirtiesContextBeforeModesTestExecutionListener@195344ca, org.springframework.test.context.event.ApplicationEventsTestExecutionListener@4ade7d21, org.springframework.boot.test.mock.mockito.MockitoTestExecutionListener@7d2bbb9b, org.springframework.boot.test.autoconfigure.SpringBootDependencyInjectionTestExecutionListener@69e3ed69, org.springframework.test.context.support.DirtiesContextTestExecutionListener@6a15818b, org.springframework.test.context.transaction.TransactionalTestExecutionListener@539bde9d, org.springframework.test.context.jdbc.SqlScriptsTestExecutionListener@73cc4016, org.springframework.test.context.event.EventPublishingTestExecutionListener@53273a3, org.springframework.boot.test.autoconfigure.restdocs.RestDocsTestExecutionListener@436da357, org.springframework.boot.test.autoconfigure.web.client.MockRestServiceServerResetTestExecutionListener@4e8fe291, org.springframework.boot.test.autoconfigure.web.servlet.MockMvcPrintOnlyOnFailureTestExecutionListener@5fd2d7a6, org.springframework.boot.test.autoconfigure.web.servlet.WebDriverTestExecutionListener@496b0894, org.springframework.boot.test.autoconfigure.webservices.client.MockWebServiceServerTestExecutionListener@67b27df5, org.springframework.boot.test.mock.mockito.ResetMocksTestExecutionListener@561880f8]
2021-07-14 09:42:07.994  INFO 8888 --- [    Test worker] o.s.t.c.transaction.TransactionContext   : Began transaction (1) for test context [DefaultTestContext@2eb9db79 testClass = UserMySqlRepositoryTest, testInstance = com.miraeson.mini_site.repository.UserMySqlRepositoryTest@79dba5f5, testMethod = save@UserMySqlRepositoryTest, testException = [null], mergedContextConfiguration = [WebMergedContextConfiguration@25ab95a6 testClass = UserMySqlRepositoryTest, locations = '{}', classes = '{class com.miraeson.mini_site.MiniSiteApplication}', contextInitializerClasses = '[]', activeProfiles = '{}', propertySourceLocations = '{}', propertySourceProperties = '{org.springframework.boot.test.context.SpringBootTestContextBootstrapper=true}', contextCustomizers = set[org.springframework.boot.test.autoconfigure.actuate.metrics.MetricsExportContextCustomizerFactory$DisableMetricExportContextCustomizer@4ec1008c, org.springframework.boot.test.autoconfigure.properties.PropertyMappingContextCustomizer@0, org.springframework.boot.test.autoconfigure.web.servlet.WebDriverContextCustomizerFactory$Customizer@6906caff, org.springframework.boot.test.context.filter.ExcludeFilterContextCustomizer@47e4b524, org.springframework.boot.test.json.DuplicateJsonObjectContextCustomizerFactory$DuplicateJsonObjectContextCustomizer@7930a2e9, org.springframework.boot.test.mock.mockito.MockitoContextCustomizer@0, org.springframework.boot.test.web.client.TestRestTemplateContextCustomizer@6d8b7293, org.springframework.boot.test.context.SpringBootTestArgs@1, org.springframework.boot.test.context.SpringBootTestWebEnvironment@78210aaf], resourceBasePath = 'src/main/webapp', contextLoader = 'org.springframework.boot.test.context.SpringBootContextLoader', parent = [null]], attributes = map['org.springframework.test.context.web.ServletTestExecutionListener.activateListener' -> true, 'org.springframework.test.context.web.ServletTestExecutionListener.populatedRequestContextHolder' -> true, 'org.springframework.test.context.web.ServletTestExecutionListener.resetRequestContextHolder' -> true, 'org.springframework.test.context.event.ApplicationEventsTestExecutionListener.recordApplicationEvents' -> false]]; transaction manager [org.springframework.orm.jpa.JpaTransactionManager@4910d0d2]; rollback [true]
Hibernate: insert into user (admin, avatar, created_time, email, memo, social_type, username, withdraw, withdraw_time) values (?, ?, ?, ?, ?, ?, ?, ?, ?)
2021-07-14 09:42:08.127  INFO 8888 --- [    Test worker] o.s.t.c.transaction.TransactionContext   : Rolled back transaction for test: [DefaultTestContext@2eb9db79 testClass = UserMySqlRepositoryTest, testInstance = com.miraeson.mini_site.repository.UserMySqlRepositoryTest@79dba5f5, testMethod = save@UserMySqlRepositoryTest, testException = [null], mergedContextConfiguration = [WebMergedContextConfiguration@25ab95a6 testClass = UserMySqlRepositoryTest, locations = '{}', classes = '{class com.miraeson.mini_site.MiniSiteApplication}', contextInitializerClasses = '[]', activeProfiles = '{}', propertySourceLocations = '{}', propertySourceProperties = '{org.springframework.boot.test.context.SpringBootTestContextBootstrapper=true}', contextCustomizers = set[org.springframework.boot.test.autoconfigure.actuate.metrics.MetricsExportContextCustomizerFactory$DisableMetricExportContextCustomizer@4ec1008c, org.springframework.boot.test.autoconfigure.properties.PropertyMappingContextCustomizer@0, org.springframework.boot.test.autoconfigure.web.servlet.WebDriverContextCustomizerFactory$Customizer@6906caff, org.springframework.boot.test.context.filter.ExcludeFilterContextCustomizer@47e4b524, org.springframework.boot.test.json.DuplicateJsonObjectContextCustomizerFactory$DuplicateJsonObjectContextCustomizer@7930a2e9, org.springframework.boot.test.mock.mockito.MockitoContextCustomizer@0, org.springframework.boot.test.web.client.TestRestTemplateContextCustomizer@6d8b7293, org.springframework.boot.test.context.SpringBootTestArgs@1, org.springframework.boot.test.context.SpringBootTestWebEnvironment@78210aaf], resourceBasePath = 'src/main/webapp', contextLoader = 'org.springframework.boot.test.context.SpringBootContextLoader', parent = [null]], attributes = map['org.springframework.test.context.web.ServletTestExecutionListener.activateListener' -> true, 'org.springframework.test.context.web.ServletTestExecutionListener.populatedRequestContextHolder' -> true, 'org.springframework.test.context.web.ServletTestExecutionListener.resetRequestContextHolder' -> true, 'org.springframework.test.context.event.ApplicationEventsTestExecutionListener.recordApplicationEvents' -> false]]
]]></system-out>
  <system-err><![CDATA[]]></system-err>
</testsuite>
