<?xml version="1.0" encoding="UTF-8"?>
<testsuite name="com.miraeson.mini_site.repository.UserMySqlRepositoryTest" tests="1" skipped="0" failures="0" errors="0" timestamp="2021-07-14T00:09:52" hostname="192.168.nate.com" time="0.459">
  <properties/>
  <testcase name="가입 안되어있을 때 회원가입하기" classname="com.miraeson.mini_site.repository.UserMySqlRepositoryTest" time="0.459"/>
  <system-out><![CDATA[2021-07-14 09:09:52.409  INFO 5402 --- [    Test worker] .b.t.c.SpringBootTestContextBootstrapper : Neither @ContextConfiguration nor @ContextHierarchy found for test class [com.miraeson.mini_site.repository.UserMySqlRepositoryTest], using SpringBootContextLoader
2021-07-14 09:09:52.410  INFO 5402 --- [    Test worker] o.s.t.c.support.AbstractContextLoader    : Could not detect default resource locations for test class [com.miraeson.mini_site.repository.UserMySqlRepositoryTest]: no resource found for suffixes {-context.xml, Context.groovy}.
2021-07-14 09:09:52.410  INFO 5402 --- [    Test worker] t.c.s.AnnotationConfigContextLoaderUtils : Could not detect default configuration classes for test class [com.miraeson.mini_site.repository.UserMySqlRepositoryTest]: UserMySqlRepositoryTest does not declare any static, non-private, non-final, nested classes annotated with @Configuration.
2021-07-14 09:09:52.417  INFO 5402 --- [    Test worker] .b.t.c.SpringBootTestContextBootstrapper : Found @SpringBootConfiguration com.miraeson.mini_site.MiniSiteApplication for test class com.miraeson.mini_site.repository.UserMySqlRepositoryTest
2021-07-14 09:09:52.419  INFO 5402 --- [    Test worker] .b.t.c.SpringBootTestContextBootstrapper : Loaded default TestExecutionListener class names from location [META-INF/spring.factories]: [org.springframework.boot.test.autoconfigure.restdocs.RestDocsTestExecutionListener, org.springframework.boot.test.autoconfigure.web.client.MockRestServiceServerResetTestExecutionListener, org.springframework.boot.test.autoconfigure.web.servlet.MockMvcPrintOnlyOnFailureTestExecutionListener, org.springframework.boot.test.autoconfigure.web.servlet.WebDriverTestExecutionListener, org.springframework.boot.test.autoconfigure.webservices.client.MockWebServiceServerTestExecutionListener, org.springframework.boot.test.mock.mockito.MockitoTestExecutionListener, org.springframework.boot.test.mock.mockito.ResetMocksTestExecutionListener, org.springframework.test.context.web.ServletTestExecutionListener, org.springframework.test.context.support.DirtiesContextBeforeModesTestExecutionListener, org.springframework.test.context.event.ApplicationEventsTestExecutionListener, org.springframework.test.context.support.DependencyInjectionTestExecutionListener, org.springframework.test.context.support.DirtiesContextTestExecutionListener, org.springframework.test.context.transaction.TransactionalTestExecutionListener, org.springframework.test.context.jdbc.SqlScriptsTestExecutionListener, org.springframework.test.context.event.EventPublishingTestExecutionListener]
2021-07-14 09:09:52.419  INFO 5402 --- [    Test worker] .b.t.c.SpringBootTestContextBootstrapper : Using TestExecutionListeners: [org.springframework.test.context.web.ServletTestExecutionListener@1d348b32, org.springframework.test.context.support.DirtiesContextBeforeModesTestExecutionListener@28ba6594, org.springframework.test.context.event.ApplicationEventsTestExecutionListener@7652fbcf, org.springframework.boot.test.mock.mockito.MockitoTestExecutionListener@37e567bc, org.springframework.boot.test.autoconfigure.SpringBootDependencyInjectionTestExecutionListener@eb11769, org.springframework.test.context.support.DirtiesContextTestExecutionListener@755c45ee, org.springframework.test.context.transaction.TransactionalTestExecutionListener@14b14409, org.springframework.test.context.jdbc.SqlScriptsTestExecutionListener@87519a4, org.springframework.test.context.event.EventPublishingTestExecutionListener@ef94d9c, org.springframework.boot.test.autoconfigure.restdocs.RestDocsTestExecutionListener@191d1a98, org.springframework.boot.test.autoconfigure.web.client.MockRestServiceServerResetTestExecutionListener@71284be, org.springframework.boot.test.autoconfigure.web.servlet.MockMvcPrintOnlyOnFailureTestExecutionListener@270a15c1, org.springframework.boot.test.autoconfigure.web.servlet.WebDriverTestExecutionListener@63db2911, org.springframework.boot.test.autoconfigure.webservices.client.MockWebServiceServerTestExecutionListener@12e33628, org.springframework.boot.test.mock.mockito.ResetMocksTestExecutionListener@1c767be]
2021-07-14 09:09:52.744  INFO 5402 --- [    Test worker] o.s.t.c.transaction.TransactionContext   : Began transaction (1) for test context [DefaultTestContext@614e8609 testClass = UserMySqlRepositoryTest, testInstance = com.miraeson.mini_site.repository.UserMySqlRepositoryTest@7e25c8ee, testMethod = save@UserMySqlRepositoryTest, testException = [null], mergedContextConfiguration = [WebMergedContextConfiguration@4b21d222 testClass = UserMySqlRepositoryTest, locations = '{}', classes = '{class com.miraeson.mini_site.MiniSiteApplication}', contextInitializerClasses = '[]', activeProfiles = '{}', propertySourceLocations = '{}', propertySourceProperties = '{org.springframework.boot.test.context.SpringBootTestContextBootstrapper=true}', contextCustomizers = set[org.springframework.boot.test.autoconfigure.actuate.metrics.MetricsExportContextCustomizerFactory$DisableMetricExportContextCustomizer@31b0407d, org.springframework.boot.test.autoconfigure.properties.PropertyMappingContextCustomizer@0, org.springframework.boot.test.autoconfigure.web.servlet.WebDriverContextCustomizerFactory$Customizer@3ae8f5d2, org.springframework.boot.test.context.filter.ExcludeFilterContextCustomizer@1fe9649f, org.springframework.boot.test.json.DuplicateJsonObjectContextCustomizerFactory$DuplicateJsonObjectContextCustomizer@4812cb9c, org.springframework.boot.test.mock.mockito.MockitoContextCustomizer@0, org.springframework.boot.test.web.client.TestRestTemplateContextCustomizer@69672e8c, org.springframework.boot.test.context.SpringBootTestArgs@1, org.springframework.boot.test.context.SpringBootTestWebEnvironment@10f7fa14], resourceBasePath = 'src/main/webapp', contextLoader = 'org.springframework.boot.test.context.SpringBootContextLoader', parent = [null]], attributes = map['org.springframework.test.context.web.ServletTestExecutionListener.activateListener' -> true, 'org.springframework.test.context.web.ServletTestExecutionListener.populatedRequestContextHolder' -> true, 'org.springframework.test.context.web.ServletTestExecutionListener.resetRequestContextHolder' -> true, 'org.springframework.test.context.event.ApplicationEventsTestExecutionListener.recordApplicationEvents' -> false]]; transaction manager [org.springframework.orm.jpa.JpaTransactionManager@69755a6a]; rollback [true]
Hibernate: insert into user (admin, avatar, created_time, email, memo, social_type, username, withdraw, withdraw_time) values (?, ?, ?, ?, ?, ?, ?, ?, ?)
2021-07-14 09:09:52.882  INFO 5402 --- [    Test worker] o.s.t.c.transaction.TransactionContext   : Rolled back transaction for test: [DefaultTestContext@614e8609 testClass = UserMySqlRepositoryTest, testInstance = com.miraeson.mini_site.repository.UserMySqlRepositoryTest@7e25c8ee, testMethod = save@UserMySqlRepositoryTest, testException = [null], mergedContextConfiguration = [WebMergedContextConfiguration@4b21d222 testClass = UserMySqlRepositoryTest, locations = '{}', classes = '{class com.miraeson.mini_site.MiniSiteApplication}', contextInitializerClasses = '[]', activeProfiles = '{}', propertySourceLocations = '{}', propertySourceProperties = '{org.springframework.boot.test.context.SpringBootTestContextBootstrapper=true}', contextCustomizers = set[org.springframework.boot.test.autoconfigure.actuate.metrics.MetricsExportContextCustomizerFactory$DisableMetricExportContextCustomizer@31b0407d, org.springframework.boot.test.autoconfigure.properties.PropertyMappingContextCustomizer@0, org.springframework.boot.test.autoconfigure.web.servlet.WebDriverContextCustomizerFactory$Customizer@3ae8f5d2, org.springframework.boot.test.context.filter.ExcludeFilterContextCustomizer@1fe9649f, org.springframework.boot.test.json.DuplicateJsonObjectContextCustomizerFactory$DuplicateJsonObjectContextCustomizer@4812cb9c, org.springframework.boot.test.mock.mockito.MockitoContextCustomizer@0, org.springframework.boot.test.web.client.TestRestTemplateContextCustomizer@69672e8c, org.springframework.boot.test.context.SpringBootTestArgs@1, org.springframework.boot.test.context.SpringBootTestWebEnvironment@10f7fa14], resourceBasePath = 'src/main/webapp', contextLoader = 'org.springframework.boot.test.context.SpringBootContextLoader', parent = [null]], attributes = map['org.springframework.test.context.web.ServletTestExecutionListener.activateListener' -> true, 'org.springframework.test.context.web.ServletTestExecutionListener.populatedRequestContextHolder' -> true, 'org.springframework.test.context.web.ServletTestExecutionListener.resetRequestContextHolder' -> true, 'org.springframework.test.context.event.ApplicationEventsTestExecutionListener.recordApplicationEvents' -> false]]
]]></system-out>
  <system-err><![CDATA[]]></system-err>
</testsuite>
