<?xml version="1.0" encoding="UTF-8"?>
<testsuite name="com.miraeson.mini_site.MiniSiteApplicationTests" tests="1" skipped="0" failures="0" errors="0" timestamp="2021-07-14T08:34:09" hostname="192.168.nate.com" time="0.116">
  <properties/>
  <testcase name="contextLoads()" classname="com.miraeson.mini_site.MiniSiteApplicationTests" time="0.116"/>
  <system-out><![CDATA[17:34:03.718 [Test worker] DEBUG org.springframework.test.context.BootstrapUtils - Instantiating CacheAwareContextLoaderDelegate from class [org.springframework.test.context.cache.DefaultCacheAwareContextLoaderDelegate]
17:34:03.727 [Test worker] DEBUG org.springframework.test.context.BootstrapUtils - Instantiating BootstrapContext using constructor [public org.springframework.test.context.support.DefaultBootstrapContext(java.lang.Class,org.springframework.test.context.CacheAwareContextLoaderDelegate)]
17:34:03.750 [Test worker] DEBUG org.springframework.test.context.BootstrapUtils - Instantiating TestContextBootstrapper for test class [com.miraeson.mini_site.MiniSiteApplicationTests] from class [org.springframework.boot.test.context.SpringBootTestContextBootstrapper]
17:34:03.758 [Test worker] INFO org.springframework.boot.test.context.SpringBootTestContextBootstrapper - Neither @ContextConfiguration nor @ContextHierarchy found for test class [com.miraeson.mini_site.MiniSiteApplicationTests], using SpringBootContextLoader
17:34:03.760 [Test worker] DEBUG org.springframework.test.context.support.AbstractContextLoader - Did not detect default resource location for test class [com.miraeson.mini_site.MiniSiteApplicationTests]: class path resource [com/miraeson/mini_site/MiniSiteApplicationTests-context.xml] does not exist
17:34:03.761 [Test worker] DEBUG org.springframework.test.context.support.AbstractContextLoader - Did not detect default resource location for test class [com.miraeson.mini_site.MiniSiteApplicationTests]: class path resource [com/miraeson/mini_site/MiniSiteApplicationTestsContext.groovy] does not exist
17:34:03.761 [Test worker] INFO org.springframework.test.context.support.AbstractContextLoader - Could not detect default resource locations for test class [com.miraeson.mini_site.MiniSiteApplicationTests]: no resource found for suffixes {-context.xml, Context.groovy}.
17:34:03.762 [Test worker] INFO org.springframework.test.context.support.AnnotationConfigContextLoaderUtils - Could not detect default configuration classes for test class [com.miraeson.mini_site.MiniSiteApplicationTests]: MiniSiteApplicationTests does not declare any static, non-private, non-final, nested classes annotated with @Configuration.
17:34:03.795 [Test worker] DEBUG org.springframework.test.context.support.ActiveProfilesUtils - Could not find an 'annotation declaring class' for annotation type [org.springframework.test.context.ActiveProfiles] and class [com.miraeson.mini_site.MiniSiteApplicationTests]
17:34:03.836 [Test worker] DEBUG org.springframework.context.annotation.ClassPathScanningCandidateComponentProvider - Identified candidate component class: file [/Users/duyeong/Spring/mini_site/build/classes/java/main/com/miraeson/mini_site/MiniSiteApplication.class]
17:34:03.837 [Test worker] INFO org.springframework.boot.test.context.SpringBootTestContextBootstrapper - Found @SpringBootConfiguration com.miraeson.mini_site.MiniSiteApplication for test class com.miraeson.mini_site.MiniSiteApplicationTests
17:34:03.896 [Test worker] DEBUG org.springframework.boot.test.context.SpringBootTestContextBootstrapper - @TestExecutionListeners is not present for class [com.miraeson.mini_site.MiniSiteApplicationTests]: using defaults.
17:34:03.897 [Test worker] INFO org.springframework.boot.test.context.SpringBootTestContextBootstrapper - Loaded default TestExecutionListener class names from location [META-INF/spring.factories]: [org.springframework.boot.test.autoconfigure.restdocs.RestDocsTestExecutionListener, org.springframework.boot.test.autoconfigure.web.client.MockRestServiceServerResetTestExecutionListener, org.springframework.boot.test.autoconfigure.web.servlet.MockMvcPrintOnlyOnFailureTestExecutionListener, org.springframework.boot.test.autoconfigure.web.servlet.WebDriverTestExecutionListener, org.springframework.boot.test.autoconfigure.webservices.client.MockWebServiceServerTestExecutionListener, org.springframework.boot.test.mock.mockito.MockitoTestExecutionListener, org.springframework.boot.test.mock.mockito.ResetMocksTestExecutionListener, org.springframework.test.context.web.ServletTestExecutionListener, org.springframework.test.context.support.DirtiesContextBeforeModesTestExecutionListener, org.springframework.test.context.event.ApplicationEventsTestExecutionListener, org.springframework.test.context.support.DependencyInjectionTestExecutionListener, org.springframework.test.context.support.DirtiesContextTestExecutionListener, org.springframework.test.context.transaction.TransactionalTestExecutionListener, org.springframework.test.context.jdbc.SqlScriptsTestExecutionListener, org.springframework.test.context.event.EventPublishingTestExecutionListener]
17:34:03.907 [Test worker] INFO org.springframework.boot.test.context.SpringBootTestContextBootstrapper - Using TestExecutionListeners: [org.springframework.test.context.web.ServletTestExecutionListener@16638291, org.springframework.test.context.support.DirtiesContextBeforeModesTestExecutionListener@7b4d36c6, org.springframework.test.context.event.ApplicationEventsTestExecutionListener@11b49abf, org.springframework.boot.test.mock.mockito.MockitoTestExecutionListener@285a9958, org.springframework.boot.test.autoconfigure.SpringBootDependencyInjectionTestExecutionListener@22a7e1c8, org.springframework.test.context.support.DirtiesContextTestExecutionListener@30ce085c, org.springframework.test.context.transaction.TransactionalTestExecutionListener@51a0d98, org.springframework.test.context.jdbc.SqlScriptsTestExecutionListener@7976d43a, org.springframework.test.context.event.EventPublishingTestExecutionListener@6442d37d, org.springframework.boot.test.autoconfigure.restdocs.RestDocsTestExecutionListener@248eab41, org.springframework.boot.test.autoconfigure.web.client.MockRestServiceServerResetTestExecutionListener@71ad0485, org.springframework.boot.test.autoconfigure.web.servlet.MockMvcPrintOnlyOnFailureTestExecutionListener@3eb5c98e, org.springframework.boot.test.autoconfigure.web.servlet.WebDriverTestExecutionListener@4c9e2c1e, org.springframework.boot.test.autoconfigure.webservices.client.MockWebServiceServerTestExecutionListener@1d9b426f, org.springframework.boot.test.mock.mockito.ResetMocksTestExecutionListener@48be475]
17:34:03.909 [Test worker] DEBUG org.springframework.test.context.support.AbstractDirtiesContextTestExecutionListener - Before test class: context [DefaultTestContext@360b801a testClass = MiniSiteApplicationTests, testInstance = [null], testMethod = [null], testException = [null], mergedContextConfiguration = [WebMergedContextConfiguration@56abbf4a testClass = MiniSiteApplicationTests, locations = '{}', classes = '{class com.miraeson.mini_site.MiniSiteApplication}', contextInitializerClasses = '[]', activeProfiles = '{}', propertySourceLocations = '{}', propertySourceProperties = '{org.springframework.boot.test.context.SpringBootTestContextBootstrapper=true}', contextCustomizers = set[org.springframework.boot.test.autoconfigure.actuate.metrics.MetricsExportContextCustomizerFactory$DisableMetricExportContextCustomizer@70e7940a, org.springframework.boot.test.autoconfigure.properties.PropertyMappingContextCustomizer@0, org.springframework.boot.test.autoconfigure.web.servlet.WebDriverContextCustomizerFactory$Customizer@40f26fbb, org.springframework.boot.test.context.filter.ExcludeFilterContextCustomizer@6f88d60f, org.springframework.boot.test.json.DuplicateJsonObjectContextCustomizerFactory$DuplicateJsonObjectContextCustomizer@2eee2919, org.springframework.boot.test.mock.mockito.MockitoContextCustomizer@0, org.springframework.boot.test.web.client.TestRestTemplateContextCustomizer@5298279e, org.springframework.boot.test.context.SpringBootTestArgs@1, org.springframework.boot.test.context.SpringBootTestWebEnvironment@1f2b5b02], resourceBasePath = 'src/main/webapp', contextLoader = 'org.springframework.boot.test.context.SpringBootContextLoader', parent = [null]], attributes = map['org.springframework.test.context.web.ServletTestExecutionListener.activateListener' -> true]], class annotated with @DirtiesContext [false] with mode [null].
17:34:03.931 [Test worker] DEBUG org.springframework.test.context.support.TestPropertySourceUtils - Adding inlined properties to environment: {spring.jmx.enabled=false, org.springframework.boot.test.context.SpringBootTestContextBootstrapper=true}

  .   ____          _            __ _ _
 /\\ / ___'_ __ _ _(_)_ __  __ _ \ \ \ \
( ( )\___ | '_ | '_| | '_ \/ _` | \ \ \ \
 \\/  ___)| |_)| | | | | || (_| |  ) ) ) )
  '  |____| .__|_| |_|_| |_\__, | / / / /
 =========|_|==============|___/=/_/_/_/
 :: Spring Boot ::                (v2.5.2)

2021-07-14 17:34:04.171  INFO 33902 --- [    Test worker] c.m.mini_site.MiniSiteApplicationTests   : Starting MiniSiteApplicationTests using Java 14.0.2 on 192.168.nate.com with PID 33902 (started by duyeong in /Users/duyeong/Spring/mini_site)
2021-07-14 17:34:04.174  INFO 33902 --- [    Test worker] c.m.mini_site.MiniSiteApplicationTests   : No active profile set, falling back to default profiles: default
2021-07-14 17:34:04.687  INFO 33902 --- [    Test worker] .s.d.r.c.RepositoryConfigurationDelegate : Bootstrapping Spring Data JPA repositories in DEFAULT mode.
2021-07-14 17:34:04.703  INFO 33902 --- [    Test worker] .s.d.r.c.RepositoryConfigurationDelegate : Finished Spring Data repository scanning in 11 ms. Found 0 JPA repository interfaces.
2021-07-14 17:34:05.130  INFO 33902 --- [    Test worker] o.hibernate.jpa.internal.util.LogHelper  : HHH000204: Processing PersistenceUnitInfo [name: default]
2021-07-14 17:34:05.167  INFO 33902 --- [    Test worker] org.hibernate.Version                    : HHH000412: Hibernate ORM core version 5.4.32.Final
2021-07-14 17:34:05.266  INFO 33902 --- [    Test worker] o.hibernate.annotations.common.Version   : HCANN000001: Hibernate Commons Annotations {5.1.2.Final}
2021-07-14 17:34:05.335  INFO 33902 --- [    Test worker] com.zaxxer.hikari.HikariDataSource       : HikariPool-1 - Starting...
2021-07-14 17:34:07.890  INFO 33902 --- [    Test worker] com.zaxxer.hikari.HikariDataSource       : HikariPool-1 - Start completed.
2021-07-14 17:34:07.914  INFO 33902 --- [    Test worker] org.hibernate.dialect.Dialect            : HHH000400: Using dialect: org.hibernate.dialect.MySQL8Dialect
2021-07-14 17:34:08.396  INFO 33902 --- [    Test worker] o.h.e.t.j.p.i.JtaPlatformInitiator       : HHH000490: Using JtaPlatform implementation: [org.hibernate.engine.transaction.jta.platform.internal.NoJtaPlatform]
2021-07-14 17:34:08.401  INFO 33902 --- [    Test worker] j.LocalContainerEntityManagerFactoryBean : Initialized JPA EntityManagerFactory for persistence unit 'default'
2021-07-14 17:34:08.627  WARN 33902 --- [    Test worker] JpaBaseConfiguration$JpaWebConfiguration : spring.jpa.open-in-view is enabled by default. Therefore, database queries may be performed during view rendering. Explicitly configure spring.jpa.open-in-view to disable this warning
2021-07-14 17:34:08.863  INFO 33902 --- [    Test worker] o.s.b.a.w.s.WelcomePageHandlerMapping    : Adding welcome page: class path resource [static/index.html]
2021-07-14 17:34:09.091  INFO 33902 --- [    Test worker] c.m.mini_site.MiniSiteApplicationTests   : Started MiniSiteApplicationTests in 5.155 seconds (JVM running for 5.954)
]]></system-out>
  <system-err><![CDATA[]]></system-err>
</testsuite>
