<?xml version="1.0" encoding="UTF-8"?>
<testsuite name="com.miraeson.mini_site.repository.ArticleMySqlRepositoryTest" tests="1" skipped="0" failures="0" errors="0" timestamp="2021-07-13T08:47:15" hostname="192.168.nate.com" time="0.274">
  <properties/>
  <testcase name="모든 게시글 불러오기" classname="com.miraeson.mini_site.repository.ArticleMySqlRepositoryTest" time="0.274"/>
  <system-out><![CDATA[2021-07-13 17:47:15.359  INFO 45006 --- [    Test worker] .b.t.c.SpringBootTestContextBootstrapper : Neither @ContextConfiguration nor @ContextHierarchy found for test class [com.miraeson.mini_site.repository.ArticleMySqlRepositoryTest], using SpringBootContextLoader
2021-07-13 17:47:15.360  INFO 45006 --- [    Test worker] o.s.t.c.support.AbstractContextLoader    : Could not detect default resource locations for test class [com.miraeson.mini_site.repository.ArticleMySqlRepositoryTest]: no resource found for suffixes {-context.xml, Context.groovy}.
2021-07-13 17:47:15.360  INFO 45006 --- [    Test worker] t.c.s.AnnotationConfigContextLoaderUtils : Could not detect default configuration classes for test class [com.miraeson.mini_site.repository.ArticleMySqlRepositoryTest]: ArticleMySqlRepositoryTest does not declare any static, non-private, non-final, nested classes annotated with @Configuration.
2021-07-13 17:47:15.362  INFO 45006 --- [    Test worker] .b.t.c.SpringBootTestContextBootstrapper : Found @SpringBootConfiguration com.miraeson.mini_site.MiniSiteApplication for test class com.miraeson.mini_site.repository.ArticleMySqlRepositoryTest
2021-07-13 17:47:15.363  INFO 45006 --- [    Test worker] .b.t.c.SpringBootTestContextBootstrapper : Loaded default TestExecutionListener class names from location [META-INF/spring.factories]: [org.springframework.boot.test.autoconfigure.restdocs.RestDocsTestExecutionListener, org.springframework.boot.test.autoconfigure.web.client.MockRestServiceServerResetTestExecutionListener, org.springframework.boot.test.autoconfigure.web.servlet.MockMvcPrintOnlyOnFailureTestExecutionListener, org.springframework.boot.test.autoconfigure.web.servlet.WebDriverTestExecutionListener, org.springframework.boot.test.autoconfigure.webservices.client.MockWebServiceServerTestExecutionListener, org.springframework.boot.test.mock.mockito.MockitoTestExecutionListener, org.springframework.boot.test.mock.mockito.ResetMocksTestExecutionListener, org.springframework.test.context.web.ServletTestExecutionListener, org.springframework.test.context.support.DirtiesContextBeforeModesTestExecutionListener, org.springframework.test.context.event.ApplicationEventsTestExecutionListener, org.springframework.test.context.support.DependencyInjectionTestExecutionListener, org.springframework.test.context.support.DirtiesContextTestExecutionListener, org.springframework.test.context.transaction.TransactionalTestExecutionListener, org.springframework.test.context.jdbc.SqlScriptsTestExecutionListener, org.springframework.test.context.event.EventPublishingTestExecutionListener]
2021-07-13 17:47:15.363  INFO 45006 --- [    Test worker] .b.t.c.SpringBootTestContextBootstrapper : Using TestExecutionListeners: [org.springframework.test.context.web.ServletTestExecutionListener@45c6df7d, org.springframework.test.context.support.DirtiesContextBeforeModesTestExecutionListener@70edc570, org.springframework.test.context.event.ApplicationEventsTestExecutionListener@54fa1d0c, org.springframework.boot.test.mock.mockito.MockitoTestExecutionListener@812f1e5, org.springframework.boot.test.autoconfigure.SpringBootDependencyInjectionTestExecutionListener@7b5cfaad, org.springframework.test.context.support.DirtiesContextTestExecutionListener@650476f3, org.springframework.test.context.transaction.TransactionalTestExecutionListener@61120522, org.springframework.test.context.jdbc.SqlScriptsTestExecutionListener@7e105d3c, org.springframework.test.context.event.EventPublishingTestExecutionListener@620549c1, org.springframework.boot.test.autoconfigure.restdocs.RestDocsTestExecutionListener@2470089c, org.springframework.boot.test.autoconfigure.web.client.MockRestServiceServerResetTestExecutionListener@553a2225, org.springframework.boot.test.autoconfigure.web.servlet.MockMvcPrintOnlyOnFailureTestExecutionListener@293f6c03, org.springframework.boot.test.autoconfigure.web.servlet.WebDriverTestExecutionListener@61bc73a4, org.springframework.boot.test.autoconfigure.webservices.client.MockWebServiceServerTestExecutionListener@452ca3e7, org.springframework.boot.test.mock.mockito.ResetMocksTestExecutionListener@41839a6d]
2021-07-13 17:47:15.395  INFO 45006 --- [    Test worker] o.s.t.c.transaction.TransactionContext   : Began transaction (1) for test context [DefaultTestContext@1a43ecc testClass = ArticleMySqlRepositoryTest, testInstance = com.miraeson.mini_site.repository.ArticleMySqlRepositoryTest@6f9d69a7, testMethod = findAllArticle@ArticleMySqlRepositoryTest, testException = [null], mergedContextConfiguration = [WebMergedContextConfiguration@403a827b testClass = ArticleMySqlRepositoryTest, locations = '{}', classes = '{class com.miraeson.mini_site.MiniSiteApplication}', contextInitializerClasses = '[]', activeProfiles = '{}', propertySourceLocations = '{}', propertySourceProperties = '{org.springframework.boot.test.context.SpringBootTestContextBootstrapper=true}', contextCustomizers = set[org.springframework.boot.test.autoconfigure.actuate.metrics.MetricsExportContextCustomizerFactory$DisableMetricExportContextCustomizer@3761852d, org.springframework.boot.test.autoconfigure.properties.PropertyMappingContextCustomizer@0, org.springframework.boot.test.autoconfigure.web.servlet.WebDriverContextCustomizerFactory$Customizer@66de491d, org.springframework.boot.test.context.filter.ExcludeFilterContextCustomizer@32513fa9, org.springframework.boot.test.json.DuplicateJsonObjectContextCustomizerFactory$DuplicateJsonObjectContextCustomizer@42276173, org.springframework.boot.test.mock.mockito.MockitoContextCustomizer@0, org.springframework.boot.test.web.client.TestRestTemplateContextCustomizer@6e95024f, org.springframework.boot.test.context.SpringBootTestArgs@1, org.springframework.boot.test.context.SpringBootTestWebEnvironment@78210aaf], resourceBasePath = 'src/main/webapp', contextLoader = 'org.springframework.boot.test.context.SpringBootContextLoader', parent = [null]], attributes = map['org.springframework.test.context.web.ServletTestExecutionListener.activateListener' -> true, 'org.springframework.test.context.web.ServletTestExecutionListener.populatedRequestContextHolder' -> true, 'org.springframework.test.context.web.ServletTestExecutionListener.resetRequestContextHolder' -> true, 'org.springframework.test.context.event.ApplicationEventsTestExecutionListener.recordApplicationEvents' -> false]]; transaction manager [org.springframework.orm.jpa.JpaTransactionManager@43033bf5]; rollback [true]
Hibernate: select article0_.id as id1_0_, article0_.board as board2_0_, article0_.content as content3_0_, article0_.created_time as created_4_0_, article0_.deleted as deleted5_0_, article0_.title as title6_0_, article0_.updated_time as updated_7_0_, article0_.user_id as user_id9_0_, article0_.views as views8_0_ from article article0_
2021-07-13 17:47:15.638  INFO 45006 --- [    Test worker] o.s.t.c.transaction.TransactionContext   : Rolled back transaction for test: [DefaultTestContext@1a43ecc testClass = ArticleMySqlRepositoryTest, testInstance = com.miraeson.mini_site.repository.ArticleMySqlRepositoryTest@6f9d69a7, testMethod = findAllArticle@ArticleMySqlRepositoryTest, testException = [null], mergedContextConfiguration = [WebMergedContextConfiguration@403a827b testClass = ArticleMySqlRepositoryTest, locations = '{}', classes = '{class com.miraeson.mini_site.MiniSiteApplication}', contextInitializerClasses = '[]', activeProfiles = '{}', propertySourceLocations = '{}', propertySourceProperties = '{org.springframework.boot.test.context.SpringBootTestContextBootstrapper=true}', contextCustomizers = set[org.springframework.boot.test.autoconfigure.actuate.metrics.MetricsExportContextCustomizerFactory$DisableMetricExportContextCustomizer@3761852d, org.springframework.boot.test.autoconfigure.properties.PropertyMappingContextCustomizer@0, org.springframework.boot.test.autoconfigure.web.servlet.WebDriverContextCustomizerFactory$Customizer@66de491d, org.springframework.boot.test.context.filter.ExcludeFilterContextCustomizer@32513fa9, org.springframework.boot.test.json.DuplicateJsonObjectContextCustomizerFactory$DuplicateJsonObjectContextCustomizer@42276173, org.springframework.boot.test.mock.mockito.MockitoContextCustomizer@0, org.springframework.boot.test.web.client.TestRestTemplateContextCustomizer@6e95024f, org.springframework.boot.test.context.SpringBootTestArgs@1, org.springframework.boot.test.context.SpringBootTestWebEnvironment@78210aaf], resourceBasePath = 'src/main/webapp', contextLoader = 'org.springframework.boot.test.context.SpringBootContextLoader', parent = [null]], attributes = map['org.springframework.test.context.web.ServletTestExecutionListener.activateListener' -> true, 'org.springframework.test.context.web.ServletTestExecutionListener.populatedRequestContextHolder' -> true, 'org.springframework.test.context.web.ServletTestExecutionListener.resetRequestContextHolder' -> true, 'org.springframework.test.context.event.ApplicationEventsTestExecutionListener.recordApplicationEvents' -> false]]
]]></system-out>
  <system-err><![CDATA[]]></system-err>
</testsuite>
