<?xml version="1.0" encoding="UTF-8"?>
<testsuite name="com.miraeson.mini_site.repository.UserMySqlRepositoryTest" tests="1" skipped="0" failures="0" errors="0" timestamp="2021-07-13T08:47:15" hostname="192.168.nate.com" time="0.339">
  <properties/>
  <testcase name="가입 안되어있을 때 회원가입하기" classname="com.miraeson.mini_site.repository.UserMySqlRepositoryTest" time="0.339"/>
  <system-out><![CDATA[2021-07-13 17:47:15.010  INFO 45006 --- [    Test worker] .b.t.c.SpringBootTestContextBootstrapper : Neither @ContextConfiguration nor @ContextHierarchy found for test class [com.miraeson.mini_site.repository.UserMySqlRepositoryTest], using SpringBootContextLoader
2021-07-13 17:47:15.010  INFO 45006 --- [    Test worker] o.s.t.c.support.AbstractContextLoader    : Could not detect default resource locations for test class [com.miraeson.mini_site.repository.UserMySqlRepositoryTest]: no resource found for suffixes {-context.xml, Context.groovy}.
2021-07-13 17:47:15.010  INFO 45006 --- [    Test worker] t.c.s.AnnotationConfigContextLoaderUtils : Could not detect default configuration classes for test class [com.miraeson.mini_site.repository.UserMySqlRepositoryTest]: UserMySqlRepositoryTest does not declare any static, non-private, non-final, nested classes annotated with @Configuration.
2021-07-13 17:47:15.015  INFO 45006 --- [    Test worker] .b.t.c.SpringBootTestContextBootstrapper : Found @SpringBootConfiguration com.miraeson.mini_site.MiniSiteApplication for test class com.miraeson.mini_site.repository.UserMySqlRepositoryTest
2021-07-13 17:47:15.016  INFO 45006 --- [    Test worker] .b.t.c.SpringBootTestContextBootstrapper : Loaded default TestExecutionListener class names from location [META-INF/spring.factories]: [org.springframework.boot.test.autoconfigure.restdocs.RestDocsTestExecutionListener, org.springframework.boot.test.autoconfigure.web.client.MockRestServiceServerResetTestExecutionListener, org.springframework.boot.test.autoconfigure.web.servlet.MockMvcPrintOnlyOnFailureTestExecutionListener, org.springframework.boot.test.autoconfigure.web.servlet.WebDriverTestExecutionListener, org.springframework.boot.test.autoconfigure.webservices.client.MockWebServiceServerTestExecutionListener, org.springframework.boot.test.mock.mockito.MockitoTestExecutionListener, org.springframework.boot.test.mock.mockito.ResetMocksTestExecutionListener, org.springframework.test.context.web.ServletTestExecutionListener, org.springframework.test.context.support.DirtiesContextBeforeModesTestExecutionListener, org.springframework.test.context.event.ApplicationEventsTestExecutionListener, org.springframework.test.context.support.DependencyInjectionTestExecutionListener, org.springframework.test.context.support.DirtiesContextTestExecutionListener, org.springframework.test.context.transaction.TransactionalTestExecutionListener, org.springframework.test.context.jdbc.SqlScriptsTestExecutionListener, org.springframework.test.context.event.EventPublishingTestExecutionListener]
2021-07-13 17:47:15.016  INFO 45006 --- [    Test worker] .b.t.c.SpringBootTestContextBootstrapper : Using TestExecutionListeners: [org.springframework.test.context.web.ServletTestExecutionListener@1de95a6, org.springframework.test.context.support.DirtiesContextBeforeModesTestExecutionListener@317125df, org.springframework.test.context.event.ApplicationEventsTestExecutionListener@6cf60f7, org.springframework.boot.test.mock.mockito.MockitoTestExecutionListener@210ee43b, org.springframework.boot.test.autoconfigure.SpringBootDependencyInjectionTestExecutionListener@54082619, org.springframework.test.context.support.DirtiesContextTestExecutionListener@6cefbe9a, org.springframework.test.context.transaction.TransactionalTestExecutionListener@11daa328, org.springframework.test.context.jdbc.SqlScriptsTestExecutionListener@4723a214, org.springframework.test.context.event.EventPublishingTestExecutionListener@528e7c07, org.springframework.boot.test.autoconfigure.restdocs.RestDocsTestExecutionListener@438413a2, org.springframework.boot.test.autoconfigure.web.client.MockRestServiceServerResetTestExecutionListener@7032b19, org.springframework.boot.test.autoconfigure.web.servlet.MockMvcPrintOnlyOnFailureTestExecutionListener@5d6a0aef, org.springframework.boot.test.autoconfigure.web.servlet.WebDriverTestExecutionListener@7ca53b01, org.springframework.boot.test.autoconfigure.webservices.client.MockWebServiceServerTestExecutionListener@1f5f2e34, org.springframework.boot.test.mock.mockito.ResetMocksTestExecutionListener@19a8525]
2021-07-13 17:47:15.218  INFO 45006 --- [    Test worker] o.s.t.c.transaction.TransactionContext   : Began transaction (1) for test context [DefaultTestContext@f27802e testClass = UserMySqlRepositoryTest, testInstance = com.miraeson.mini_site.repository.UserMySqlRepositoryTest@654f195a, testMethod = save@UserMySqlRepositoryTest, testException = [null], mergedContextConfiguration = [WebMergedContextConfiguration@6b18433b testClass = UserMySqlRepositoryTest, locations = '{}', classes = '{class com.miraeson.mini_site.MiniSiteApplication}', contextInitializerClasses = '[]', activeProfiles = '{}', propertySourceLocations = '{}', propertySourceProperties = '{org.springframework.boot.test.context.SpringBootTestContextBootstrapper=true}', contextCustomizers = set[org.springframework.boot.test.autoconfigure.actuate.metrics.MetricsExportContextCustomizerFactory$DisableMetricExportContextCustomizer@3761852d, org.springframework.boot.test.autoconfigure.properties.PropertyMappingContextCustomizer@0, org.springframework.boot.test.autoconfigure.web.servlet.WebDriverContextCustomizerFactory$Customizer@66de491d, org.springframework.boot.test.context.filter.ExcludeFilterContextCustomizer@32513fa9, org.springframework.boot.test.json.DuplicateJsonObjectContextCustomizerFactory$DuplicateJsonObjectContextCustomizer@42276173, org.springframework.boot.test.mock.mockito.MockitoContextCustomizer@0, org.springframework.boot.test.web.client.TestRestTemplateContextCustomizer@6e95024f, org.springframework.boot.test.context.SpringBootTestArgs@1, org.springframework.boot.test.context.SpringBootTestWebEnvironment@78210aaf], resourceBasePath = 'src/main/webapp', contextLoader = 'org.springframework.boot.test.context.SpringBootContextLoader', parent = [null]], attributes = map['org.springframework.test.context.web.ServletTestExecutionListener.activateListener' -> true, 'org.springframework.test.context.web.ServletTestExecutionListener.populatedRequestContextHolder' -> true, 'org.springframework.test.context.web.ServletTestExecutionListener.resetRequestContextHolder' -> true, 'org.springframework.test.context.event.ApplicationEventsTestExecutionListener.recordApplicationEvents' -> false]]; transaction manager [org.springframework.orm.jpa.JpaTransactionManager@43033bf5]; rollback [true]
Hibernate: insert into user (admin, avatar, created_time, email, memo, social_type, username, withdraw, withdraw_time) values (?, ?, ?, ?, ?, ?, ?, ?, ?)
2021-07-13 17:47:15.356  INFO 45006 --- [    Test worker] o.s.t.c.transaction.TransactionContext   : Rolled back transaction for test: [DefaultTestContext@f27802e testClass = UserMySqlRepositoryTest, testInstance = com.miraeson.mini_site.repository.UserMySqlRepositoryTest@654f195a, testMethod = save@UserMySqlRepositoryTest, testException = [null], mergedContextConfiguration = [WebMergedContextConfiguration@6b18433b testClass = UserMySqlRepositoryTest, locations = '{}', classes = '{class com.miraeson.mini_site.MiniSiteApplication}', contextInitializerClasses = '[]', activeProfiles = '{}', propertySourceLocations = '{}', propertySourceProperties = '{org.springframework.boot.test.context.SpringBootTestContextBootstrapper=true}', contextCustomizers = set[org.springframework.boot.test.autoconfigure.actuate.metrics.MetricsExportContextCustomizerFactory$DisableMetricExportContextCustomizer@3761852d, org.springframework.boot.test.autoconfigure.properties.PropertyMappingContextCustomizer@0, org.springframework.boot.test.autoconfigure.web.servlet.WebDriverContextCustomizerFactory$Customizer@66de491d, org.springframework.boot.test.context.filter.ExcludeFilterContextCustomizer@32513fa9, org.springframework.boot.test.json.DuplicateJsonObjectContextCustomizerFactory$DuplicateJsonObjectContextCustomizer@42276173, org.springframework.boot.test.mock.mockito.MockitoContextCustomizer@0, org.springframework.boot.test.web.client.TestRestTemplateContextCustomizer@6e95024f, org.springframework.boot.test.context.SpringBootTestArgs@1, org.springframework.boot.test.context.SpringBootTestWebEnvironment@78210aaf], resourceBasePath = 'src/main/webapp', contextLoader = 'org.springframework.boot.test.context.SpringBootContextLoader', parent = [null]], attributes = map['org.springframework.test.context.web.ServletTestExecutionListener.activateListener' -> true, 'org.springframework.test.context.web.ServletTestExecutionListener.populatedRequestContextHolder' -> true, 'org.springframework.test.context.web.ServletTestExecutionListener.resetRequestContextHolder' -> true, 'org.springframework.test.context.event.ApplicationEventsTestExecutionListener.recordApplicationEvents' -> false]]
]]></system-out>
  <system-err><![CDATA[]]></system-err>
</testsuite>
