<?xml version="1.0" encoding="UTF-8"?>
<testsuite name="com.miraeson.mini_site.MiniSiteApplicationTests" tests="1" skipped="0" failures="0" errors="0" timestamp="2021-07-14T00:28:38" hostname="192.168.nate.com" time="0.12">
  <properties/>
  <testcase name="contextLoads()" classname="com.miraeson.mini_site.MiniSiteApplicationTests" time="0.12"/>
  <system-out><![CDATA[09:28:34.686 [Test worker] DEBUG org.springframework.test.context.BootstrapUtils - Instantiating CacheAwareContextLoaderDelegate from class [org.springframework.test.context.cache.DefaultCacheAwareContextLoaderDelegate]
09:28:34.694 [Test worker] DEBUG org.springframework.test.context.BootstrapUtils - Instantiating BootstrapContext using constructor [public org.springframework.test.context.support.DefaultBootstrapContext(java.lang.Class,org.springframework.test.context.CacheAwareContextLoaderDelegate)]
09:28:34.717 [Test worker] DEBUG org.springframework.test.context.BootstrapUtils - Instantiating TestContextBootstrapper for test class [com.miraeson.mini_site.MiniSiteApplicationTests] from class [org.springframework.boot.test.context.SpringBootTestContextBootstrapper]
09:28:34.724 [Test worker] INFO org.springframework.boot.test.context.SpringBootTestContextBootstrapper - Neither @ContextConfiguration nor @ContextHierarchy found for test class [com.miraeson.mini_site.MiniSiteApplicationTests], using SpringBootContextLoader
09:28:34.727 [Test worker] DEBUG org.springframework.test.context.support.AbstractContextLoader - Did not detect default resource location for test class [com.miraeson.mini_site.MiniSiteApplicationTests]: class path resource [com/miraeson/mini_site/MiniSiteApplicationTests-context.xml] does not exist
09:28:34.728 [Test worker] DEBUG org.springframework.test.context.support.AbstractContextLoader - Did not detect default resource location for test class [com.miraeson.mini_site.MiniSiteApplicationTests]: class path resource [com/miraeson/mini_site/MiniSiteApplicationTestsContext.groovy] does not exist
09:28:34.728 [Test worker] INFO org.springframework.test.context.support.AbstractContextLoader - Could not detect default resource locations for test class [com.miraeson.mini_site.MiniSiteApplicationTests]: no resource found for suffixes {-context.xml, Context.groovy}.
09:28:34.729 [Test worker] INFO org.springframework.test.context.support.AnnotationConfigContextLoaderUtils - Could not detect default configuration classes for test class [com.miraeson.mini_site.MiniSiteApplicationTests]: MiniSiteApplicationTests does not declare any static, non-private, non-final, nested classes annotated with @Configuration.
09:28:34.759 [Test worker] DEBUG org.springframework.test.context.support.ActiveProfilesUtils - Could not find an 'annotation declaring class' for annotation type [org.springframework.test.context.ActiveProfiles] and class [com.miraeson.mini_site.MiniSiteApplicationTests]
09:28:34.801 [Test worker] DEBUG org.springframework.context.annotation.ClassPathScanningCandidateComponentProvider - Identified candidate component class: file [/Users/duyeong/Spring/mini_site/build/classes/java/main/com/miraeson/mini_site/MiniSiteApplication.class]
09:28:34.802 [Test worker] INFO org.springframework.boot.test.context.SpringBootTestContextBootstrapper - Found @SpringBootConfiguration com.miraeson.mini_site.MiniSiteApplication for test class com.miraeson.mini_site.MiniSiteApplicationTests
09:28:34.861 [Test worker] DEBUG org.springframework.boot.test.context.SpringBootTestContextBootstrapper - @TestExecutionListeners is not present for class [com.miraeson.mini_site.MiniSiteApplicationTests]: using defaults.
09:28:34.861 [Test worker] INFO org.springframework.boot.test.context.SpringBootTestContextBootstrapper - Loaded default TestExecutionListener class names from location [META-INF/spring.factories]: [org.springframework.boot.test.autoconfigure.restdocs.RestDocsTestExecutionListener, org.springframework.boot.test.autoconfigure.web.client.MockRestServiceServerResetTestExecutionListener, org.springframework.boot.test.autoconfigure.web.servlet.MockMvcPrintOnlyOnFailureTestExecutionListener, org.springframework.boot.test.autoconfigure.web.servlet.WebDriverTestExecutionListener, org.springframework.boot.test.autoconfigure.webservices.client.MockWebServiceServerTestExecutionListener, org.springframework.boot.test.mock.mockito.MockitoTestExecutionListener, org.springframework.boot.test.mock.mockito.ResetMocksTestExecutionListener, org.springframework.test.context.web.ServletTestExecutionListener, org.springframework.test.context.support.DirtiesContextBeforeModesTestExecutionListener, org.springframework.test.context.event.ApplicationEventsTestExecutionListener, org.springframework.test.context.support.DependencyInjectionTestExecutionListener, org.springframework.test.context.support.DirtiesContextTestExecutionListener, org.springframework.test.context.transaction.TransactionalTestExecutionListener, org.springframework.test.context.jdbc.SqlScriptsTestExecutionListener, org.springframework.test.context.event.EventPublishingTestExecutionListener]
09:28:34.872 [Test worker] INFO org.springframework.boot.test.context.SpringBootTestContextBootstrapper - Using TestExecutionListeners: [org.springframework.test.context.web.ServletTestExecutionListener@3372c39e, org.springframework.test.context.support.DirtiesContextBeforeModesTestExecutionListener@38a1a87a, org.springframework.test.context.event.ApplicationEventsTestExecutionListener@103443b0, org.springframework.boot.test.mock.mockito.MockitoTestExecutionListener@2037d6d1, org.springframework.boot.test.autoconfigure.SpringBootDependencyInjectionTestExecutionListener@5fc9f7a, org.springframework.test.context.support.DirtiesContextTestExecutionListener@302b05c7, org.springframework.test.context.transaction.TransactionalTestExecutionListener@2b0e9b1, org.springframework.test.context.jdbc.SqlScriptsTestExecutionListener@1c2f2668, org.springframework.test.context.event.EventPublishingTestExecutionListener@7dc97dd8, org.springframework.boot.test.autoconfigure.restdocs.RestDocsTestExecutionListener@15a44a9b, org.springframework.boot.test.autoconfigure.web.client.MockRestServiceServerResetTestExecutionListener@105cd4ff, org.springframework.boot.test.autoconfigure.web.servlet.MockMvcPrintOnlyOnFailureTestExecutionListener@75a5acfa, org.springframework.boot.test.autoconfigure.web.servlet.WebDriverTestExecutionListener@43b4282b, org.springframework.boot.test.autoconfigure.webservices.client.MockWebServiceServerTestExecutionListener@74735254, org.springframework.boot.test.mock.mockito.ResetMocksTestExecutionListener@27e9b09]
09:28:34.874 [Test worker] DEBUG org.springframework.test.context.support.AbstractDirtiesContextTestExecutionListener - Before test class: context [DefaultTestContext@57f5e1a3 testClass = MiniSiteApplicationTests, testInstance = [null], testMethod = [null], testException = [null], mergedContextConfiguration = [WebMergedContextConfiguration@1ce54435 testClass = MiniSiteApplicationTests, locations = '{}', classes = '{class com.miraeson.mini_site.MiniSiteApplication}', contextInitializerClasses = '[]', activeProfiles = '{}', propertySourceLocations = '{}', propertySourceProperties = '{org.springframework.boot.test.context.SpringBootTestContextBootstrapper=true}', contextCustomizers = set[org.springframework.boot.test.autoconfigure.actuate.metrics.MetricsExportContextCustomizerFactory$DisableMetricExportContextCustomizer@31b0407d, org.springframework.boot.test.autoconfigure.properties.PropertyMappingContextCustomizer@0, org.springframework.boot.test.autoconfigure.web.servlet.WebDriverContextCustomizerFactory$Customizer@3ae8f5d2, org.springframework.boot.test.context.filter.ExcludeFilterContextCustomizer@1fe9649f, org.springframework.boot.test.json.DuplicateJsonObjectContextCustomizerFactory$DuplicateJsonObjectContextCustomizer@4812cb9c, org.springframework.boot.test.mock.mockito.MockitoContextCustomizer@0, org.springframework.boot.test.web.client.TestRestTemplateContextCustomizer@69672e8c, org.springframework.boot.test.context.SpringBootTestArgs@1, org.springframework.boot.test.context.SpringBootTestWebEnvironment@10f7fa14], resourceBasePath = 'src/main/webapp', contextLoader = 'org.springframework.boot.test.context.SpringBootContextLoader', parent = [null]], attributes = map['org.springframework.test.context.web.ServletTestExecutionListener.activateListener' -> true]], class annotated with @DirtiesContext [false] with mode [null].
09:28:34.896 [Test worker] DEBUG org.springframework.test.context.support.TestPropertySourceUtils - Adding inlined properties to environment: {spring.jmx.enabled=false, org.springframework.boot.test.context.SpringBootTestContextBootstrapper=true}

  .   ____          _            __ _ _
 /\\ / ___'_ __ _ _(_)_ __  __ _ \ \ \ \
( ( )\___ | '_ | '_| | '_ \/ _` | \ \ \ \
 \\/  ___)| |_)| | | | | || (_| |  ) ) ) )
  '  |____| .__|_| |_|_| |_\__, | / / / /
 =========|_|==============|___/=/_/_/_/
 :: Spring Boot ::                (v2.5.2)

2021-07-14 09:28:35.180  INFO 7437 --- [    Test worker] c.m.mini_site.MiniSiteApplicationTests   : Starting MiniSiteApplicationTests using Java 14.0.2 on 192.168.nate.com with PID 7437 (started by duyeong in /Users/duyeong/Spring/mini_site)
2021-07-14 09:28:35.182  INFO 7437 --- [    Test worker] c.m.mini_site.MiniSiteApplicationTests   : No active profile set, falling back to default profiles: default
2021-07-14 09:28:35.649  INFO 7437 --- [    Test worker] .s.d.r.c.RepositoryConfigurationDelegate : Bootstrapping Spring Data JPA repositories in DEFAULT mode.
2021-07-14 09:28:35.658  INFO 7437 --- [    Test worker] .s.d.r.c.RepositoryConfigurationDelegate : Finished Spring Data repository scanning in 5 ms. Found 0 JPA repository interfaces.
2021-07-14 09:28:36.049  INFO 7437 --- [    Test worker] o.hibernate.jpa.internal.util.LogHelper  : HHH000204: Processing PersistenceUnitInfo [name: default]
2021-07-14 09:28:36.083  INFO 7437 --- [    Test worker] org.hibernate.Version                    : HHH000412: Hibernate ORM core version 5.4.32.Final
2021-07-14 09:28:36.180  INFO 7437 --- [    Test worker] o.hibernate.annotations.common.Version   : HCANN000001: Hibernate Commons Annotations {5.1.2.Final}
2021-07-14 09:28:36.247  INFO 7437 --- [    Test worker] com.zaxxer.hikari.HikariDataSource       : HikariPool-1 - Starting...
2021-07-14 09:28:37.043  INFO 7437 --- [    Test worker] com.zaxxer.hikari.HikariDataSource       : HikariPool-1 - Start completed.
2021-07-14 09:28:37.064  INFO 7437 --- [    Test worker] org.hibernate.dialect.Dialect            : HHH000400: Using dialect: org.hibernate.dialect.MySQL8Dialect
2021-07-14 09:28:37.520  INFO 7437 --- [    Test worker] o.h.e.t.j.p.i.JtaPlatformInitiator       : HHH000490: Using JtaPlatform implementation: [org.hibernate.engine.transaction.jta.platform.internal.NoJtaPlatform]
2021-07-14 09:28:37.525  INFO 7437 --- [    Test worker] j.LocalContainerEntityManagerFactoryBean : Initialized JPA EntityManagerFactory for persistence unit 'default'
2021-07-14 09:28:37.745  WARN 7437 --- [    Test worker] JpaBaseConfiguration$JpaWebConfiguration : spring.jpa.open-in-view is enabled by default. Therefore, database queries may be performed during view rendering. Explicitly configure spring.jpa.open-in-view to disable this warning
2021-07-14 09:28:37.957  INFO 7437 --- [    Test worker] o.s.b.a.w.s.WelcomePageHandlerMapping    : Adding welcome page: class path resource [static/index.html]
2021-07-14 09:28:38.173  INFO 7437 --- [    Test worker] c.m.mini_site.MiniSiteApplicationTests   : Started MiniSiteApplicationTests in 3.272 seconds (JVM running for 4.012)
]]></system-out>
  <system-err><![CDATA[]]></system-err>
</testsuite>
