<?xml version="1.0" encoding="UTF-8"?>
<testsuite name="com.miraeson.mini_site.MiniSiteApplicationTests" tests="1" skipped="0" failures="0" errors="0" timestamp="2021-07-13T09:17:03" hostname="192.168.nate.com" time="0.125">
  <properties/>
  <testcase name="contextLoads()" classname="com.miraeson.mini_site.MiniSiteApplicationTests" time="0.125"/>
  <system-out><![CDATA[18:16:59.673 [Test worker] DEBUG org.springframework.test.context.BootstrapUtils - Instantiating CacheAwareContextLoaderDelegate from class [org.springframework.test.context.cache.DefaultCacheAwareContextLoaderDelegate]
18:16:59.682 [Test worker] DEBUG org.springframework.test.context.BootstrapUtils - Instantiating BootstrapContext using constructor [public org.springframework.test.context.support.DefaultBootstrapContext(java.lang.Class,org.springframework.test.context.CacheAwareContextLoaderDelegate)]
18:16:59.704 [Test worker] DEBUG org.springframework.test.context.BootstrapUtils - Instantiating TestContextBootstrapper for test class [com.miraeson.mini_site.MiniSiteApplicationTests] from class [org.springframework.boot.test.context.SpringBootTestContextBootstrapper]
18:16:59.712 [Test worker] INFO org.springframework.boot.test.context.SpringBootTestContextBootstrapper - Neither @ContextConfiguration nor @ContextHierarchy found for test class [com.miraeson.mini_site.MiniSiteApplicationTests], using SpringBootContextLoader
18:16:59.715 [Test worker] DEBUG org.springframework.test.context.support.AbstractContextLoader - Did not detect default resource location for test class [com.miraeson.mini_site.MiniSiteApplicationTests]: class path resource [com/miraeson/mini_site/MiniSiteApplicationTests-context.xml] does not exist
18:16:59.715 [Test worker] DEBUG org.springframework.test.context.support.AbstractContextLoader - Did not detect default resource location for test class [com.miraeson.mini_site.MiniSiteApplicationTests]: class path resource [com/miraeson/mini_site/MiniSiteApplicationTestsContext.groovy] does not exist
18:16:59.716 [Test worker] INFO org.springframework.test.context.support.AbstractContextLoader - Could not detect default resource locations for test class [com.miraeson.mini_site.MiniSiteApplicationTests]: no resource found for suffixes {-context.xml, Context.groovy}.
18:16:59.717 [Test worker] INFO org.springframework.test.context.support.AnnotationConfigContextLoaderUtils - Could not detect default configuration classes for test class [com.miraeson.mini_site.MiniSiteApplicationTests]: MiniSiteApplicationTests does not declare any static, non-private, non-final, nested classes annotated with @Configuration.
18:16:59.750 [Test worker] DEBUG org.springframework.test.context.support.ActiveProfilesUtils - Could not find an 'annotation declaring class' for annotation type [org.springframework.test.context.ActiveProfiles] and class [com.miraeson.mini_site.MiniSiteApplicationTests]
18:16:59.791 [Test worker] DEBUG org.springframework.context.annotation.ClassPathScanningCandidateComponentProvider - Identified candidate component class: file [/Users/duyeong/Spring/mini_site/build/classes/java/main/com/miraeson/mini_site/MiniSiteApplication.class]
18:16:59.792 [Test worker] INFO org.springframework.boot.test.context.SpringBootTestContextBootstrapper - Found @SpringBootConfiguration com.miraeson.mini_site.MiniSiteApplication for test class com.miraeson.mini_site.MiniSiteApplicationTests
18:16:59.845 [Test worker] DEBUG org.springframework.boot.test.context.SpringBootTestContextBootstrapper - @TestExecutionListeners is not present for class [com.miraeson.mini_site.MiniSiteApplicationTests]: using defaults.
18:16:59.846 [Test worker] INFO org.springframework.boot.test.context.SpringBootTestContextBootstrapper - Loaded default TestExecutionListener class names from location [META-INF/spring.factories]: [org.springframework.boot.test.autoconfigure.restdocs.RestDocsTestExecutionListener, org.springframework.boot.test.autoconfigure.web.client.MockRestServiceServerResetTestExecutionListener, org.springframework.boot.test.autoconfigure.web.servlet.MockMvcPrintOnlyOnFailureTestExecutionListener, org.springframework.boot.test.autoconfigure.web.servlet.WebDriverTestExecutionListener, org.springframework.boot.test.autoconfigure.webservices.client.MockWebServiceServerTestExecutionListener, org.springframework.boot.test.mock.mockito.MockitoTestExecutionListener, org.springframework.boot.test.mock.mockito.ResetMocksTestExecutionListener, org.springframework.test.context.web.ServletTestExecutionListener, org.springframework.test.context.support.DirtiesContextBeforeModesTestExecutionListener, org.springframework.test.context.event.ApplicationEventsTestExecutionListener, org.springframework.test.context.support.DependencyInjectionTestExecutionListener, org.springframework.test.context.support.DirtiesContextTestExecutionListener, org.springframework.test.context.transaction.TransactionalTestExecutionListener, org.springframework.test.context.jdbc.SqlScriptsTestExecutionListener, org.springframework.test.context.event.EventPublishingTestExecutionListener]
18:16:59.858 [Test worker] INFO org.springframework.boot.test.context.SpringBootTestContextBootstrapper - Using TestExecutionListeners: [org.springframework.test.context.web.ServletTestExecutionListener@f233319, org.springframework.test.context.support.DirtiesContextBeforeModesTestExecutionListener@8a4fbd3, org.springframework.test.context.event.ApplicationEventsTestExecutionListener@3bfb95f9, org.springframework.boot.test.mock.mockito.MockitoTestExecutionListener@370ed128, org.springframework.boot.test.autoconfigure.SpringBootDependencyInjectionTestExecutionListener@2123872b, org.springframework.test.context.support.DirtiesContextTestExecutionListener@ef69abf, org.springframework.test.context.transaction.TransactionalTestExecutionListener@69c582c5, org.springframework.test.context.jdbc.SqlScriptsTestExecutionListener@28838944, org.springframework.test.context.event.EventPublishingTestExecutionListener@15a449a0, org.springframework.boot.test.autoconfigure.restdocs.RestDocsTestExecutionListener@2fbd0ac9, org.springframework.boot.test.autoconfigure.web.client.MockRestServiceServerResetTestExecutionListener@6aab7651, org.springframework.boot.test.autoconfigure.web.servlet.MockMvcPrintOnlyOnFailureTestExecutionListener@5e560be9, org.springframework.boot.test.autoconfigure.web.servlet.WebDriverTestExecutionListener@6988b0ca, org.springframework.boot.test.autoconfigure.webservices.client.MockWebServiceServerTestExecutionListener@2ea40470, org.springframework.boot.test.mock.mockito.ResetMocksTestExecutionListener@1f0ce60b]
18:16:59.860 [Test worker] DEBUG org.springframework.test.context.support.AbstractDirtiesContextTestExecutionListener - Before test class: context [DefaultTestContext@463a150c testClass = MiniSiteApplicationTests, testInstance = [null], testMethod = [null], testException = [null], mergedContextConfiguration = [WebMergedContextConfiguration@780f9216 testClass = MiniSiteApplicationTests, locations = '{}', classes = '{class com.miraeson.mini_site.MiniSiteApplication}', contextInitializerClasses = '[]', activeProfiles = '{}', propertySourceLocations = '{}', propertySourceProperties = '{org.springframework.boot.test.context.SpringBootTestContextBootstrapper=true}', contextCustomizers = set[org.springframework.boot.test.autoconfigure.actuate.metrics.MetricsExportContextCustomizerFactory$DisableMetricExportContextCustomizer@3761852d, org.springframework.boot.test.autoconfigure.properties.PropertyMappingContextCustomizer@0, org.springframework.boot.test.autoconfigure.web.servlet.WebDriverContextCustomizerFactory$Customizer@66de491d, org.springframework.boot.test.context.filter.ExcludeFilterContextCustomizer@32513fa9, org.springframework.boot.test.json.DuplicateJsonObjectContextCustomizerFactory$DuplicateJsonObjectContextCustomizer@42276173, org.springframework.boot.test.mock.mockito.MockitoContextCustomizer@0, org.springframework.boot.test.web.client.TestRestTemplateContextCustomizer@6e95024f, org.springframework.boot.test.context.SpringBootTestArgs@1, org.springframework.boot.test.context.SpringBootTestWebEnvironment@78210aaf], resourceBasePath = 'src/main/webapp', contextLoader = 'org.springframework.boot.test.context.SpringBootContextLoader', parent = [null]], attributes = map['org.springframework.test.context.web.ServletTestExecutionListener.activateListener' -> true]], class annotated with @DirtiesContext [false] with mode [null].
18:16:59.879 [Test worker] DEBUG org.springframework.test.context.support.TestPropertySourceUtils - Adding inlined properties to environment: {spring.jmx.enabled=false, org.springframework.boot.test.context.SpringBootTestContextBootstrapper=true}

  .   ____          _            __ _ _
 /\\ / ___'_ __ _ _(_)_ __  __ _ \ \ \ \
( ( )\___ | '_ | '_| | '_ \/ _` | \ \ \ \
 \\/  ___)| |_)| | | | | || (_| |  ) ) ) )
  '  |____| .__|_| |_|_| |_\__, | / / / /
 =========|_|==============|___/=/_/_/_/
 :: Spring Boot ::                (v2.5.2)

2021-07-13 18:17:00.119  INFO 48313 --- [    Test worker] c.m.mini_site.MiniSiteApplicationTests   : Starting MiniSiteApplicationTests using Java 14.0.2 on 192.168.nate.com with PID 48313 (started by duyeong in /Users/duyeong/Spring/mini_site)
2021-07-13 18:17:00.122  INFO 48313 --- [    Test worker] c.m.mini_site.MiniSiteApplicationTests   : No active profile set, falling back to default profiles: default
2021-07-13 18:17:00.558  INFO 48313 --- [    Test worker] .s.d.r.c.RepositoryConfigurationDelegate : Bootstrapping Spring Data JPA repositories in DEFAULT mode.
2021-07-13 18:17:00.567  INFO 48313 --- [    Test worker] .s.d.r.c.RepositoryConfigurationDelegate : Finished Spring Data repository scanning in 4 ms. Found 0 JPA repository interfaces.
2021-07-13 18:17:00.903  INFO 48313 --- [    Test worker] o.hibernate.jpa.internal.util.LogHelper  : HHH000204: Processing PersistenceUnitInfo [name: default]
2021-07-13 18:17:00.933  INFO 48313 --- [    Test worker] org.hibernate.Version                    : HHH000412: Hibernate ORM core version 5.4.32.Final
2021-07-13 18:17:01.025  INFO 48313 --- [    Test worker] o.hibernate.annotations.common.Version   : HCANN000001: Hibernate Commons Annotations {5.1.2.Final}
2021-07-13 18:17:01.098  INFO 48313 --- [    Test worker] com.zaxxer.hikari.HikariDataSource       : HikariPool-1 - Starting...
2021-07-13 18:17:01.979  INFO 48313 --- [    Test worker] com.zaxxer.hikari.HikariDataSource       : HikariPool-1 - Start completed.
2021-07-13 18:17:02.005  INFO 48313 --- [    Test worker] org.hibernate.dialect.Dialect            : HHH000400: Using dialect: org.hibernate.dialect.MySQL8Dialect
2021-07-13 18:17:02.459  INFO 48313 --- [    Test worker] o.h.e.t.j.p.i.JtaPlatformInitiator       : HHH000490: Using JtaPlatform implementation: [org.hibernate.engine.transaction.jta.platform.internal.NoJtaPlatform]
2021-07-13 18:17:02.465  INFO 48313 --- [    Test worker] j.LocalContainerEntityManagerFactoryBean : Initialized JPA EntityManagerFactory for persistence unit 'default'
2021-07-13 18:17:02.663  WARN 48313 --- [    Test worker] JpaBaseConfiguration$JpaWebConfiguration : spring.jpa.open-in-view is enabled by default. Therefore, database queries may be performed during view rendering. Explicitly configure spring.jpa.open-in-view to disable this warning
2021-07-13 18:17:02.859  INFO 48313 --- [    Test worker] o.s.b.a.w.s.WelcomePageHandlerMapping    : Adding welcome page: class path resource [static/index.html]
2021-07-13 18:17:03.047  INFO 48313 --- [    Test worker] .s.s.UserDetailsServiceAutoConfiguration : 

Using generated security password: 9373a7af-47e5-4d85-81a5-1b533c9f0b02

2021-07-13 18:17:03.174  INFO 48313 --- [    Test worker] o.s.s.web.DefaultSecurityFilterChain     : Will secure any request with [org.springframework.security.web.context.request.async.WebAsyncManagerIntegrationFilter@2f00c344, org.springframework.security.web.context.SecurityContextPersistenceFilter@1de95a6, org.springframework.security.web.header.HeaderWriterFilter@121f8a3d, org.springframework.security.web.csrf.CsrfFilter@1a104c7c, org.springframework.security.web.authentication.logout.LogoutFilter@59de7b6a, org.springframework.security.web.authentication.UsernamePasswordAuthenticationFilter@4ad23edd, org.springframework.security.web.authentication.ui.DefaultLoginPageGeneratingFilter@145d2213, org.springframework.security.web.authentication.ui.DefaultLogoutPageGeneratingFilter@737624a6, org.springframework.security.web.authentication.www.BasicAuthenticationFilter@64345198, org.springframework.security.web.savedrequest.RequestCacheAwareFilter@210ee43b, org.springframework.security.web.servletapi.SecurityContextHolderAwareRequestFilter@4723a214, org.springframework.security.web.authentication.AnonymousAuthenticationFilter@350803c1, org.springframework.security.web.session.SessionManagementFilter@28096080, org.springframework.security.web.access.ExceptionTranslationFilter@5b56f93c, org.springframework.security.web.access.intercept.FilterSecurityInterceptor@5cd83c14]
2021-07-13 18:17:03.240  INFO 48313 --- [    Test worker] c.m.mini_site.MiniSiteApplicationTests   : Started MiniSiteApplicationTests in 3.356 seconds (JVM running for 4.122)
]]></system-out>
  <system-err><![CDATA[]]></system-err>
</testsuite>
