<?xml version="1.0" encoding="UTF-8"?>
<testsuite name="com.miraeson.mini_site.service.UserServiceTest" tests="1" skipped="0" failures="0" errors="0" timestamp="2021-07-14T08:34:10" hostname="192.168.nate.com" time="0.12">
  <properties/>
  <testcase name="구글 회원가입하기" classname="com.miraeson.mini_site.service.UserServiceTest" time="0.12"/>
  <system-out><![CDATA[2021-07-14 17:34:10.045  INFO 33902 --- [    Test worker] .b.t.c.SpringBootTestContextBootstrapper : Neither @ContextConfiguration nor @ContextHierarchy found for test class [com.miraeson.mini_site.service.UserServiceTest], using SpringBootContextLoader
2021-07-14 17:34:10.046  INFO 33902 --- [    Test worker] o.s.t.c.support.AbstractContextLoader    : Could not detect default resource locations for test class [com.miraeson.mini_site.service.UserServiceTest]: no resource found for suffixes {-context.xml, Context.groovy}.
2021-07-14 17:34:10.046  INFO 33902 --- [    Test worker] t.c.s.AnnotationConfigContextLoaderUtils : Could not detect default configuration classes for test class [com.miraeson.mini_site.service.UserServiceTest]: UserServiceTest does not declare any static, non-private, non-final, nested classes annotated with @Configuration.
2021-07-14 17:34:10.050  INFO 33902 --- [    Test worker] .b.t.c.SpringBootTestContextBootstrapper : Found @SpringBootConfiguration com.miraeson.mini_site.MiniSiteApplication for test class com.miraeson.mini_site.service.UserServiceTest
2021-07-14 17:34:10.051  INFO 33902 --- [    Test worker] .b.t.c.SpringBootTestContextBootstrapper : Loaded default TestExecutionListener class names from location [META-INF/spring.factories]: [org.springframework.boot.test.autoconfigure.restdocs.RestDocsTestExecutionListener, org.springframework.boot.test.autoconfigure.web.client.MockRestServiceServerResetTestExecutionListener, org.springframework.boot.test.autoconfigure.web.servlet.MockMvcPrintOnlyOnFailureTestExecutionListener, org.springframework.boot.test.autoconfigure.web.servlet.WebDriverTestExecutionListener, org.springframework.boot.test.autoconfigure.webservices.client.MockWebServiceServerTestExecutionListener, org.springframework.boot.test.mock.mockito.MockitoTestExecutionListener, org.springframework.boot.test.mock.mockito.ResetMocksTestExecutionListener, org.springframework.test.context.web.ServletTestExecutionListener, org.springframework.test.context.support.DirtiesContextBeforeModesTestExecutionListener, org.springframework.test.context.event.ApplicationEventsTestExecutionListener, org.springframework.test.context.support.DependencyInjectionTestExecutionListener, org.springframework.test.context.support.DirtiesContextTestExecutionListener, org.springframework.test.context.transaction.TransactionalTestExecutionListener, org.springframework.test.context.jdbc.SqlScriptsTestExecutionListener, org.springframework.test.context.event.EventPublishingTestExecutionListener]
2021-07-14 17:34:10.052  INFO 33902 --- [    Test worker] .b.t.c.SpringBootTestContextBootstrapper : Using TestExecutionListeners: [org.springframework.test.context.web.ServletTestExecutionListener@50d12ad4, org.springframework.test.context.support.DirtiesContextBeforeModesTestExecutionListener@1a259f0d, org.springframework.test.context.event.ApplicationEventsTestExecutionListener@5613f8d6, org.springframework.boot.test.mock.mockito.MockitoTestExecutionListener@1fc6c2ea, org.springframework.boot.test.autoconfigure.SpringBootDependencyInjectionTestExecutionListener@4698dc4c, org.springframework.test.context.support.DirtiesContextTestExecutionListener@70f3fe65, org.springframework.test.context.transaction.TransactionalTestExecutionListener@39ef7de5, org.springframework.test.context.jdbc.SqlScriptsTestExecutionListener@109739a0, org.springframework.test.context.event.EventPublishingTestExecutionListener@106ded42, org.springframework.boot.test.autoconfigure.restdocs.RestDocsTestExecutionListener@7f0239fc, org.springframework.boot.test.autoconfigure.web.client.MockRestServiceServerResetTestExecutionListener@3d4063ac, org.springframework.boot.test.autoconfigure.web.servlet.MockMvcPrintOnlyOnFailureTestExecutionListener@1433079d, org.springframework.boot.test.autoconfigure.web.servlet.WebDriverTestExecutionListener@6b4bffa4, org.springframework.boot.test.autoconfigure.webservices.client.MockWebServiceServerTestExecutionListener@5e8e6e8, org.springframework.boot.test.mock.mockito.ResetMocksTestExecutionListener@3b8bb8fa]
2021-07-14 17:34:10.080  INFO 33902 --- [    Test worker] o.s.t.c.transaction.TransactionContext   : Began transaction (1) for test context [DefaultTestContext@4117495c testClass = UserServiceTest, testInstance = com.miraeson.mini_site.service.UserServiceTest@273d75ec, testMethod = googleSignIn@UserServiceTest, testException = [null], mergedContextConfiguration = [WebMergedContextConfiguration@523f0165 testClass = UserServiceTest, locations = '{}', classes = '{class com.miraeson.mini_site.MiniSiteApplication}', contextInitializerClasses = '[]', activeProfiles = '{}', propertySourceLocations = '{}', propertySourceProperties = '{org.springframework.boot.test.context.SpringBootTestContextBootstrapper=true}', contextCustomizers = set[org.springframework.boot.test.autoconfigure.actuate.metrics.MetricsExportContextCustomizerFactory$DisableMetricExportContextCustomizer@70e7940a, org.springframework.boot.test.autoconfigure.properties.PropertyMappingContextCustomizer@0, org.springframework.boot.test.autoconfigure.web.servlet.WebDriverContextCustomizerFactory$Customizer@40f26fbb, org.springframework.boot.test.context.filter.ExcludeFilterContextCustomizer@6f88d60f, org.springframework.boot.test.json.DuplicateJsonObjectContextCustomizerFactory$DuplicateJsonObjectContextCustomizer@2eee2919, org.springframework.boot.test.mock.mockito.MockitoContextCustomizer@0, org.springframework.boot.test.web.client.TestRestTemplateContextCustomizer@5298279e, org.springframework.boot.test.context.SpringBootTestArgs@1, org.springframework.boot.test.context.SpringBootTestWebEnvironment@1f2b5b02], resourceBasePath = 'src/main/webapp', contextLoader = 'org.springframework.boot.test.context.SpringBootContextLoader', parent = [null]], attributes = map['org.springframework.test.context.web.ServletTestExecutionListener.activateListener' -> true, 'org.springframework.test.context.web.ServletTestExecutionListener.populatedRequestContextHolder' -> true, 'org.springframework.test.context.web.ServletTestExecutionListener.resetRequestContextHolder' -> true, 'org.springframework.test.context.event.ApplicationEventsTestExecutionListener.recordApplicationEvents' -> false]]; transaction manager [org.springframework.orm.jpa.JpaTransactionManager@570f0bcf]; rollback [true]
Hibernate: select user0_.id as id1_1_, user0_.admin as admin2_1_, user0_.avatar as avatar3_1_, user0_.created_time as created_4_1_, user0_.email as email5_1_, user0_.memo as memo6_1_, user0_.social_type as social_t7_1_, user0_.username as username8_1_, user0_.withdraw as withdraw9_1_, user0_.withdraw_time as withdra10_1_ from user user0_ where user0_.username=?
2021-07-14 17:34:10.174  INFO 33902 --- [    Test worker] o.s.t.c.transaction.TransactionContext   : Rolled back transaction for test: [DefaultTestContext@4117495c testClass = UserServiceTest, testInstance = com.miraeson.mini_site.service.UserServiceTest@273d75ec, testMethod = googleSignIn@UserServiceTest, testException = [null], mergedContextConfiguration = [WebMergedContextConfiguration@523f0165 testClass = UserServiceTest, locations = '{}', classes = '{class com.miraeson.mini_site.MiniSiteApplication}', contextInitializerClasses = '[]', activeProfiles = '{}', propertySourceLocations = '{}', propertySourceProperties = '{org.springframework.boot.test.context.SpringBootTestContextBootstrapper=true}', contextCustomizers = set[org.springframework.boot.test.autoconfigure.actuate.metrics.MetricsExportContextCustomizerFactory$DisableMetricExportContextCustomizer@70e7940a, org.springframework.boot.test.autoconfigure.properties.PropertyMappingContextCustomizer@0, org.springframework.boot.test.autoconfigure.web.servlet.WebDriverContextCustomizerFactory$Customizer@40f26fbb, org.springframework.boot.test.context.filter.ExcludeFilterContextCustomizer@6f88d60f, org.springframework.boot.test.json.DuplicateJsonObjectContextCustomizerFactory$DuplicateJsonObjectContextCustomizer@2eee2919, org.springframework.boot.test.mock.mockito.MockitoContextCustomizer@0, org.springframework.boot.test.web.client.TestRestTemplateContextCustomizer@5298279e, org.springframework.boot.test.context.SpringBootTestArgs@1, org.springframework.boot.test.context.SpringBootTestWebEnvironment@1f2b5b02], resourceBasePath = 'src/main/webapp', contextLoader = 'org.springframework.boot.test.context.SpringBootContextLoader', parent = [null]], attributes = map['org.springframework.test.context.web.ServletTestExecutionListener.activateListener' -> true, 'org.springframework.test.context.web.ServletTestExecutionListener.populatedRequestContextHolder' -> true, 'org.springframework.test.context.web.ServletTestExecutionListener.resetRequestContextHolder' -> true, 'org.springframework.test.context.event.ApplicationEventsTestExecutionListener.recordApplicationEvents' -> false]]
]]></system-out>
  <system-err><![CDATA[]]></system-err>
</testsuite>
