<?xml version="1.0" encoding="UTF-8"?>
<testsuite name="com.miraeson.mini_site.service.UserServiceTest" tests="1" skipped="0" failures="0" errors="0" timestamp="2021-07-13T09:17:03" hostname="192.168.nate.com" time="0.156">
  <properties/>
  <testcase name="구글 회원가입하기" classname="com.miraeson.mini_site.service.UserServiceTest" time="0.156"/>
  <system-out><![CDATA[2021-07-13 18:17:03.986  INFO 48313 --- [    Test worker] .b.t.c.SpringBootTestContextBootstrapper : Neither @ContextConfiguration nor @ContextHierarchy found for test class [com.miraeson.mini_site.service.UserServiceTest], using SpringBootContextLoader
2021-07-13 18:17:03.987  INFO 48313 --- [    Test worker] o.s.t.c.support.AbstractContextLoader    : Could not detect default resource locations for test class [com.miraeson.mini_site.service.UserServiceTest]: no resource found for suffixes {-context.xml, Context.groovy}.
2021-07-13 18:17:03.987  INFO 48313 --- [    Test worker] t.c.s.AnnotationConfigContextLoaderUtils : Could not detect default configuration classes for test class [com.miraeson.mini_site.service.UserServiceTest]: UserServiceTest does not declare any static, non-private, non-final, nested classes annotated with @Configuration.
2021-07-13 18:17:03.991  INFO 48313 --- [    Test worker] .b.t.c.SpringBootTestContextBootstrapper : Found @SpringBootConfiguration com.miraeson.mini_site.MiniSiteApplication for test class com.miraeson.mini_site.service.UserServiceTest
2021-07-13 18:17:03.992  INFO 48313 --- [    Test worker] .b.t.c.SpringBootTestContextBootstrapper : Loaded default TestExecutionListener class names from location [META-INF/spring.factories]: [org.springframework.boot.test.autoconfigure.restdocs.RestDocsTestExecutionListener, org.springframework.boot.test.autoconfigure.web.client.MockRestServiceServerResetTestExecutionListener, org.springframework.boot.test.autoconfigure.web.servlet.MockMvcPrintOnlyOnFailureTestExecutionListener, org.springframework.boot.test.autoconfigure.web.servlet.WebDriverTestExecutionListener, org.springframework.boot.test.autoconfigure.webservices.client.MockWebServiceServerTestExecutionListener, org.springframework.boot.test.mock.mockito.MockitoTestExecutionListener, org.springframework.boot.test.mock.mockito.ResetMocksTestExecutionListener, org.springframework.test.context.web.ServletTestExecutionListener, org.springframework.test.context.support.DirtiesContextBeforeModesTestExecutionListener, org.springframework.test.context.event.ApplicationEventsTestExecutionListener, org.springframework.test.context.support.DependencyInjectionTestExecutionListener, org.springframework.test.context.support.DirtiesContextTestExecutionListener, org.springframework.test.context.transaction.TransactionalTestExecutionListener, org.springframework.test.context.jdbc.SqlScriptsTestExecutionListener, org.springframework.test.context.event.EventPublishingTestExecutionListener]
2021-07-13 18:17:03.992  INFO 48313 --- [    Test worker] .b.t.c.SpringBootTestContextBootstrapper : Using TestExecutionListeners: [org.springframework.test.context.web.ServletTestExecutionListener@582a182c, org.springframework.test.context.support.DirtiesContextBeforeModesTestExecutionListener@8501c1e, org.springframework.test.context.event.ApplicationEventsTestExecutionListener@51e72236, org.springframework.boot.test.mock.mockito.MockitoTestExecutionListener@4d326878, org.springframework.boot.test.autoconfigure.SpringBootDependencyInjectionTestExecutionListener@45d1f28a, org.springframework.test.context.support.DirtiesContextTestExecutionListener@4de9a6c2, org.springframework.test.context.transaction.TransactionalTestExecutionListener@25f7dbdb, org.springframework.test.context.jdbc.SqlScriptsTestExecutionListener@7b5806b5, org.springframework.test.context.event.EventPublishingTestExecutionListener@31d7fef6, org.springframework.boot.test.autoconfigure.restdocs.RestDocsTestExecutionListener@318891b8, org.springframework.boot.test.autoconfigure.web.client.MockRestServiceServerResetTestExecutionListener@2a3aad51, org.springframework.boot.test.autoconfigure.web.servlet.MockMvcPrintOnlyOnFailureTestExecutionListener@116c6b0d, org.springframework.boot.test.autoconfigure.web.servlet.WebDriverTestExecutionListener@1fc20798, org.springframework.boot.test.autoconfigure.webservices.client.MockWebServiceServerTestExecutionListener@6a324089, org.springframework.boot.test.mock.mockito.ResetMocksTestExecutionListener@159d38bb]
2021-07-13 18:17:04.037  INFO 48313 --- [    Test worker] o.s.t.c.transaction.TransactionContext   : Began transaction (1) for test context [DefaultTestContext@10640b36 testClass = UserServiceTest, testInstance = com.miraeson.mini_site.service.UserServiceTest@6c40a161, testMethod = googleSignIn@UserServiceTest, testException = [null], mergedContextConfiguration = [WebMergedContextConfiguration@534ca2c2 testClass = UserServiceTest, locations = '{}', classes = '{class com.miraeson.mini_site.MiniSiteApplication}', contextInitializerClasses = '[]', activeProfiles = '{}', propertySourceLocations = '{}', propertySourceProperties = '{org.springframework.boot.test.context.SpringBootTestContextBootstrapper=true}', contextCustomizers = set[org.springframework.boot.test.autoconfigure.actuate.metrics.MetricsExportContextCustomizerFactory$DisableMetricExportContextCustomizer@3761852d, org.springframework.boot.test.autoconfigure.properties.PropertyMappingContextCustomizer@0, org.springframework.boot.test.autoconfigure.web.servlet.WebDriverContextCustomizerFactory$Customizer@66de491d, org.springframework.boot.test.context.filter.ExcludeFilterContextCustomizer@32513fa9, org.springframework.boot.test.json.DuplicateJsonObjectContextCustomizerFactory$DuplicateJsonObjectContextCustomizer@42276173, org.springframework.boot.test.mock.mockito.MockitoContextCustomizer@0, org.springframework.boot.test.web.client.TestRestTemplateContextCustomizer@6e95024f, org.springframework.boot.test.context.SpringBootTestArgs@1, org.springframework.boot.test.context.SpringBootTestWebEnvironment@78210aaf], resourceBasePath = 'src/main/webapp', contextLoader = 'org.springframework.boot.test.context.SpringBootContextLoader', parent = [null]], attributes = map['org.springframework.test.context.web.ServletTestExecutionListener.activateListener' -> true, 'org.springframework.test.context.web.ServletTestExecutionListener.populatedRequestContextHolder' -> true, 'org.springframework.test.context.web.ServletTestExecutionListener.resetRequestContextHolder' -> true, 'org.springframework.test.context.event.ApplicationEventsTestExecutionListener.recordApplicationEvents' -> false]]; transaction manager [org.springframework.orm.jpa.JpaTransactionManager@2585efb7]; rollback [true]
Hibernate: select user0_.id as id1_1_, user0_.admin as admin2_1_, user0_.avatar as avatar3_1_, user0_.created_time as created_4_1_, user0_.email as email5_1_, user0_.memo as memo6_1_, user0_.social_type as social_t7_1_, user0_.username as username8_1_, user0_.withdraw as withdraw9_1_, user0_.withdraw_time as withdra10_1_ from user user0_ where user0_.username=?
2021-07-13 18:17:04.150  INFO 48313 --- [    Test worker] o.s.t.c.transaction.TransactionContext   : Rolled back transaction for test: [DefaultTestContext@10640b36 testClass = UserServiceTest, testInstance = com.miraeson.mini_site.service.UserServiceTest@6c40a161, testMethod = googleSignIn@UserServiceTest, testException = [null], mergedContextConfiguration = [WebMergedContextConfiguration@534ca2c2 testClass = UserServiceTest, locations = '{}', classes = '{class com.miraeson.mini_site.MiniSiteApplication}', contextInitializerClasses = '[]', activeProfiles = '{}', propertySourceLocations = '{}', propertySourceProperties = '{org.springframework.boot.test.context.SpringBootTestContextBootstrapper=true}', contextCustomizers = set[org.springframework.boot.test.autoconfigure.actuate.metrics.MetricsExportContextCustomizerFactory$DisableMetricExportContextCustomizer@3761852d, org.springframework.boot.test.autoconfigure.properties.PropertyMappingContextCustomizer@0, org.springframework.boot.test.autoconfigure.web.servlet.WebDriverContextCustomizerFactory$Customizer@66de491d, org.springframework.boot.test.context.filter.ExcludeFilterContextCustomizer@32513fa9, org.springframework.boot.test.json.DuplicateJsonObjectContextCustomizerFactory$DuplicateJsonObjectContextCustomizer@42276173, org.springframework.boot.test.mock.mockito.MockitoContextCustomizer@0, org.springframework.boot.test.web.client.TestRestTemplateContextCustomizer@6e95024f, org.springframework.boot.test.context.SpringBootTestArgs@1, org.springframework.boot.test.context.SpringBootTestWebEnvironment@78210aaf], resourceBasePath = 'src/main/webapp', contextLoader = 'org.springframework.boot.test.context.SpringBootContextLoader', parent = [null]], attributes = map['org.springframework.test.context.web.ServletTestExecutionListener.activateListener' -> true, 'org.springframework.test.context.web.ServletTestExecutionListener.populatedRequestContextHolder' -> true, 'org.springframework.test.context.web.ServletTestExecutionListener.resetRequestContextHolder' -> true, 'org.springframework.test.context.event.ApplicationEventsTestExecutionListener.recordApplicationEvents' -> false]]
]]></system-out>
  <system-err><![CDATA[]]></system-err>
</testsuite>
