<?xml version="1.0" encoding="UTF-8"?>
<testsuite name="com.miraeson.mini_site.repository.ArticleMySqlRepositoryTest" tests="1" skipped="0" failures="0" errors="0" timestamp="2021-07-13T09:17:03" hostname="192.168.nate.com" time="0.301">
  <properties/>
  <testcase name="모든 게시글 불러오기" classname="com.miraeson.mini_site.repository.ArticleMySqlRepositoryTest" time="0.301"/>
  <system-out><![CDATA[2021-07-13 18:17:03.679  INFO 48313 --- [    Test worker] .b.t.c.SpringBootTestContextBootstrapper : Neither @ContextConfiguration nor @ContextHierarchy found for test class [com.miraeson.mini_site.repository.ArticleMySqlRepositoryTest], using SpringBootContextLoader
2021-07-13 18:17:03.679  INFO 48313 --- [    Test worker] o.s.t.c.support.AbstractContextLoader    : Could not detect default resource locations for test class [com.miraeson.mini_site.repository.ArticleMySqlRepositoryTest]: no resource found for suffixes {-context.xml, Context.groovy}.
2021-07-13 18:17:03.679  INFO 48313 --- [    Test worker] t.c.s.AnnotationConfigContextLoaderUtils : Could not detect default configuration classes for test class [com.miraeson.mini_site.repository.ArticleMySqlRepositoryTest]: ArticleMySqlRepositoryTest does not declare any static, non-private, non-final, nested classes annotated with @Configuration.
2021-07-13 18:17:03.680  INFO 48313 --- [    Test worker] .b.t.c.SpringBootTestContextBootstrapper : Found @SpringBootConfiguration com.miraeson.mini_site.MiniSiteApplication for test class com.miraeson.mini_site.repository.ArticleMySqlRepositoryTest
2021-07-13 18:17:03.681  INFO 48313 --- [    Test worker] .b.t.c.SpringBootTestContextBootstrapper : Loaded default TestExecutionListener class names from location [META-INF/spring.factories]: [org.springframework.boot.test.autoconfigure.restdocs.RestDocsTestExecutionListener, org.springframework.boot.test.autoconfigure.web.client.MockRestServiceServerResetTestExecutionListener, org.springframework.boot.test.autoconfigure.web.servlet.MockMvcPrintOnlyOnFailureTestExecutionListener, org.springframework.boot.test.autoconfigure.web.servlet.WebDriverTestExecutionListener, org.springframework.boot.test.autoconfigure.webservices.client.MockWebServiceServerTestExecutionListener, org.springframework.boot.test.mock.mockito.MockitoTestExecutionListener, org.springframework.boot.test.mock.mockito.ResetMocksTestExecutionListener, org.springframework.test.context.web.ServletTestExecutionListener, org.springframework.test.context.support.DirtiesContextBeforeModesTestExecutionListener, org.springframework.test.context.event.ApplicationEventsTestExecutionListener, org.springframework.test.context.support.DependencyInjectionTestExecutionListener, org.springframework.test.context.support.DirtiesContextTestExecutionListener, org.springframework.test.context.transaction.TransactionalTestExecutionListener, org.springframework.test.context.jdbc.SqlScriptsTestExecutionListener, org.springframework.test.context.event.EventPublishingTestExecutionListener]
2021-07-13 18:17:03.682  INFO 48313 --- [    Test worker] .b.t.c.SpringBootTestContextBootstrapper : Using TestExecutionListeners: [org.springframework.test.context.web.ServletTestExecutionListener@68cccc5d, org.springframework.test.context.support.DirtiesContextBeforeModesTestExecutionListener@4881319b, org.springframework.test.context.event.ApplicationEventsTestExecutionListener@5c15b0f3, org.springframework.boot.test.mock.mockito.MockitoTestExecutionListener@1b8d1d0b, org.springframework.boot.test.autoconfigure.SpringBootDependencyInjectionTestExecutionListener@152d8403, org.springframework.test.context.support.DirtiesContextTestExecutionListener@54e172d4, org.springframework.test.context.transaction.TransactionalTestExecutionListener@2582c293, org.springframework.test.context.jdbc.SqlScriptsTestExecutionListener@5614f66d, org.springframework.test.context.event.EventPublishingTestExecutionListener@2fe06d30, org.springframework.boot.test.autoconfigure.restdocs.RestDocsTestExecutionListener@70c8ddca, org.springframework.boot.test.autoconfigure.web.client.MockRestServiceServerResetTestExecutionListener@43ed0f1a, org.springframework.boot.test.autoconfigure.web.servlet.MockMvcPrintOnlyOnFailureTestExecutionListener@32bb3e94, org.springframework.boot.test.autoconfigure.web.servlet.WebDriverTestExecutionListener@1e9e4c1e, org.springframework.boot.test.autoconfigure.webservices.client.MockWebServiceServerTestExecutionListener@280ee48a, org.springframework.boot.test.mock.mockito.ResetMocksTestExecutionListener@3b0bb4e]
2021-07-13 18:17:03.704  INFO 48313 --- [    Test worker] o.s.t.c.transaction.TransactionContext   : Began transaction (1) for test context [DefaultTestContext@5a18d819 testClass = ArticleMySqlRepositoryTest, testInstance = com.miraeson.mini_site.repository.ArticleMySqlRepositoryTest@efe0210, testMethod = findAllArticle@ArticleMySqlRepositoryTest, testException = [null], mergedContextConfiguration = [WebMergedContextConfiguration@500f5b56 testClass = ArticleMySqlRepositoryTest, locations = '{}', classes = '{class com.miraeson.mini_site.MiniSiteApplication}', contextInitializerClasses = '[]', activeProfiles = '{}', propertySourceLocations = '{}', propertySourceProperties = '{org.springframework.boot.test.context.SpringBootTestContextBootstrapper=true}', contextCustomizers = set[org.springframework.boot.test.autoconfigure.actuate.metrics.MetricsExportContextCustomizerFactory$DisableMetricExportContextCustomizer@3761852d, org.springframework.boot.test.autoconfigure.properties.PropertyMappingContextCustomizer@0, org.springframework.boot.test.autoconfigure.web.servlet.WebDriverContextCustomizerFactory$Customizer@66de491d, org.springframework.boot.test.context.filter.ExcludeFilterContextCustomizer@32513fa9, org.springframework.boot.test.json.DuplicateJsonObjectContextCustomizerFactory$DuplicateJsonObjectContextCustomizer@42276173, org.springframework.boot.test.mock.mockito.MockitoContextCustomizer@0, org.springframework.boot.test.web.client.TestRestTemplateContextCustomizer@6e95024f, org.springframework.boot.test.context.SpringBootTestArgs@1, org.springframework.boot.test.context.SpringBootTestWebEnvironment@78210aaf], resourceBasePath = 'src/main/webapp', contextLoader = 'org.springframework.boot.test.context.SpringBootContextLoader', parent = [null]], attributes = map['org.springframework.test.context.web.ServletTestExecutionListener.activateListener' -> true, 'org.springframework.test.context.web.ServletTestExecutionListener.populatedRequestContextHolder' -> true, 'org.springframework.test.context.web.ServletTestExecutionListener.resetRequestContextHolder' -> true, 'org.springframework.test.context.event.ApplicationEventsTestExecutionListener.recordApplicationEvents' -> false]]; transaction manager [org.springframework.orm.jpa.JpaTransactionManager@2585efb7]; rollback [true]
Hibernate: select article0_.id as id1_0_, article0_.board as board2_0_, article0_.content as content3_0_, article0_.created_time as created_4_0_, article0_.deleted as deleted5_0_, article0_.title as title6_0_, article0_.updated_time as updated_7_0_, article0_.user_id as user_id9_0_, article0_.views as views8_0_ from article article0_
2021-07-13 18:17:03.984  INFO 48313 --- [    Test worker] o.s.t.c.transaction.TransactionContext   : Rolled back transaction for test: [DefaultTestContext@5a18d819 testClass = ArticleMySqlRepositoryTest, testInstance = com.miraeson.mini_site.repository.ArticleMySqlRepositoryTest@efe0210, testMethod = findAllArticle@ArticleMySqlRepositoryTest, testException = [null], mergedContextConfiguration = [WebMergedContextConfiguration@500f5b56 testClass = ArticleMySqlRepositoryTest, locations = '{}', classes = '{class com.miraeson.mini_site.MiniSiteApplication}', contextInitializerClasses = '[]', activeProfiles = '{}', propertySourceLocations = '{}', propertySourceProperties = '{org.springframework.boot.test.context.SpringBootTestContextBootstrapper=true}', contextCustomizers = set[org.springframework.boot.test.autoconfigure.actuate.metrics.MetricsExportContextCustomizerFactory$DisableMetricExportContextCustomizer@3761852d, org.springframework.boot.test.autoconfigure.properties.PropertyMappingContextCustomizer@0, org.springframework.boot.test.autoconfigure.web.servlet.WebDriverContextCustomizerFactory$Customizer@66de491d, org.springframework.boot.test.context.filter.ExcludeFilterContextCustomizer@32513fa9, org.springframework.boot.test.json.DuplicateJsonObjectContextCustomizerFactory$DuplicateJsonObjectContextCustomizer@42276173, org.springframework.boot.test.mock.mockito.MockitoContextCustomizer@0, org.springframework.boot.test.web.client.TestRestTemplateContextCustomizer@6e95024f, org.springframework.boot.test.context.SpringBootTestArgs@1, org.springframework.boot.test.context.SpringBootTestWebEnvironment@78210aaf], resourceBasePath = 'src/main/webapp', contextLoader = 'org.springframework.boot.test.context.SpringBootContextLoader', parent = [null]], attributes = map['org.springframework.test.context.web.ServletTestExecutionListener.activateListener' -> true, 'org.springframework.test.context.web.ServletTestExecutionListener.populatedRequestContextHolder' -> true, 'org.springframework.test.context.web.ServletTestExecutionListener.resetRequestContextHolder' -> true, 'org.springframework.test.context.event.ApplicationEventsTestExecutionListener.recordApplicationEvents' -> false]]
]]></system-out>
  <system-err><![CDATA[]]></system-err>
</testsuite>
