<?xml version="1.0" encoding="UTF-8"?>
<testsuite name="com.miraeson.mini_site.MiniSiteApplicationTests" tests="1" skipped="0" failures="0" errors="0" timestamp="2021-07-12T02:57:09" hostname="192.168.nate.com" time="0.002">
  <properties/>
  <testcase name="contextLoads()" classname="com.miraeson.mini_site.MiniSiteApplicationTests" time="0.002"/>
  <system-out><![CDATA[2021-07-12 11:57:09.747  INFO 18949 --- [    Test worker] .b.t.c.SpringBootTestContextBootstrapper : Neither @ContextConfiguration nor @ContextHierarchy found for test class [com.miraeson.mini_site.MiniSiteApplicationTests], using SpringBootContextLoader
2021-07-12 11:57:09.748  INFO 18949 --- [    Test worker] o.s.t.c.support.AbstractContextLoader    : Could not detect default resource locations for test class [com.miraeson.mini_site.MiniSiteApplicationTests]: no resource found for suffixes {-context.xml, Context.groovy}.
2021-07-12 11:57:09.748  INFO 18949 --- [    Test worker] t.c.s.AnnotationConfigContextLoaderUtils : Could not detect default configuration classes for test class [com.miraeson.mini_site.MiniSiteApplicationTests]: MiniSiteApplicationTests does not declare any static, non-private, non-final, nested classes annotated with @Configuration.
2021-07-12 11:57:09.751  INFO 18949 --- [    Test worker] .b.t.c.SpringBootTestContextBootstrapper : Found @SpringBootConfiguration com.miraeson.mini_site.MiniSiteApplication for test class com.miraeson.mini_site.MiniSiteApplicationTests
2021-07-12 11:57:09.753  INFO 18949 --- [    Test worker] .b.t.c.SpringBootTestContextBootstrapper : Loaded default TestExecutionListener class names from location [META-INF/spring.factories]: [org.springframework.boot.test.autoconfigure.restdocs.RestDocsTestExecutionListener, org.springframework.boot.test.autoconfigure.web.client.MockRestServiceServerResetTestExecutionListener, org.springframework.boot.test.autoconfigure.web.servlet.MockMvcPrintOnlyOnFailureTestExecutionListener, org.springframework.boot.test.autoconfigure.web.servlet.WebDriverTestExecutionListener, org.springframework.boot.test.autoconfigure.webservices.client.MockWebServiceServerTestExecutionListener, org.springframework.boot.test.mock.mockito.MockitoTestExecutionListener, org.springframework.boot.test.mock.mockito.ResetMocksTestExecutionListener, org.springframework.test.context.web.ServletTestExecutionListener, org.springframework.test.context.support.DirtiesContextBeforeModesTestExecutionListener, org.springframework.test.context.event.ApplicationEventsTestExecutionListener, org.springframework.test.context.support.DependencyInjectionTestExecutionListener, org.springframework.test.context.support.DirtiesContextTestExecutionListener, org.springframework.test.context.transaction.TransactionalTestExecutionListener, org.springframework.test.context.jdbc.SqlScriptsTestExecutionListener, org.springframework.test.context.event.EventPublishingTestExecutionListener]
2021-07-12 11:57:09.753  INFO 18949 --- [    Test worker] .b.t.c.SpringBootTestContextBootstrapper : Using TestExecutionListeners: [org.springframework.test.context.web.ServletTestExecutionListener@102f69e0, org.springframework.test.context.support.DirtiesContextBeforeModesTestExecutionListener@7feb3249, org.springframework.test.context.event.ApplicationEventsTestExecutionListener@4ad8fce8, org.springframework.boot.test.mock.mockito.MockitoTestExecutionListener@4bd13b37, org.springframework.boot.test.autoconfigure.SpringBootDependencyInjectionTestExecutionListener@20da3bc4, org.springframework.test.context.support.DirtiesContextTestExecutionListener@6853cec, org.springframework.test.context.transaction.TransactionalTestExecutionListener@b37bf68, org.springframework.test.context.jdbc.SqlScriptsTestExecutionListener@49fd25ba, org.springframework.test.context.event.EventPublishingTestExecutionListener@3808335a, org.springframework.boot.test.autoconfigure.restdocs.RestDocsTestExecutionListener@17451aeb, org.springframework.boot.test.autoconfigure.web.client.MockRestServiceServerResetTestExecutionListener@21bf3b94, org.springframework.boot.test.autoconfigure.web.servlet.MockMvcPrintOnlyOnFailureTestExecutionListener@1cf0aec, org.springframework.boot.test.autoconfigure.web.servlet.WebDriverTestExecutionListener@78a47b6c, org.springframework.boot.test.autoconfigure.webservices.client.MockWebServiceServerTestExecutionListener@4789b4d1, org.springframework.boot.test.mock.mockito.ResetMocksTestExecutionListener@1fb2442f]
]]></system-out>
  <system-err><![CDATA[]]></system-err>
</testsuite>
