<?xml version="1.0" encoding="UTF-8"?>
<testsuite name="com.miraeson.mini_site.repository.BulletinBoardMySqlRepositoryTest" tests="1" skipped="0" failures="0" errors="0" timestamp="2021-07-12T00:39:59" hostname="192.168.nate.com" time="0.126">
  <properties/>
  <testcase name="testBulletinTest()" classname="com.miraeson.mini_site.repository.BulletinBoardMySqlRepositoryTest" time="0.126"/>
  <system-out><![CDATA[2021-07-12 09:39:59.165  INFO 6005 --- [    Test worker] .b.t.c.SpringBootTestContextBootstrapper : Neither @ContextConfiguration nor @ContextHierarchy found for test class [com.miraeson.mini_site.repository.BulletinBoardMySqlRepositoryTest], using SpringBootContextLoader
2021-07-12 09:39:59.166  INFO 6005 --- [    Test worker] o.s.t.c.support.AbstractContextLoader    : Could not detect default resource locations for test class [com.miraeson.mini_site.repository.BulletinBoardMySqlRepositoryTest]: no resource found for suffixes {-context.xml, Context.groovy}.
2021-07-12 09:39:59.167  INFO 6005 --- [    Test worker] t.c.s.AnnotationConfigContextLoaderUtils : Could not detect default configuration classes for test class [com.miraeson.mini_site.repository.BulletinBoardMySqlRepositoryTest]: BulletinBoardMySqlRepositoryTest does not declare any static, non-private, non-final, nested classes annotated with @Configuration.
2021-07-12 09:39:59.171  INFO 6005 --- [    Test worker] .b.t.c.SpringBootTestContextBootstrapper : Found @SpringBootConfiguration com.miraeson.mini_site.MiniSiteApplication for test class com.miraeson.mini_site.repository.BulletinBoardMySqlRepositoryTest
2021-07-12 09:39:59.174  INFO 6005 --- [    Test worker] .b.t.c.SpringBootTestContextBootstrapper : Loaded default TestExecutionListener class names from location [META-INF/spring.factories]: [org.springframework.boot.test.autoconfigure.restdocs.RestDocsTestExecutionListener, org.springframework.boot.test.autoconfigure.web.client.MockRestServiceServerResetTestExecutionListener, org.springframework.boot.test.autoconfigure.web.servlet.MockMvcPrintOnlyOnFailureTestExecutionListener, org.springframework.boot.test.autoconfigure.web.servlet.WebDriverTestExecutionListener, org.springframework.boot.test.autoconfigure.webservices.client.MockWebServiceServerTestExecutionListener, org.springframework.boot.test.mock.mockito.MockitoTestExecutionListener, org.springframework.boot.test.mock.mockito.ResetMocksTestExecutionListener, org.springframework.test.context.web.ServletTestExecutionListener, org.springframework.test.context.support.DirtiesContextBeforeModesTestExecutionListener, org.springframework.test.context.event.ApplicationEventsTestExecutionListener, org.springframework.test.context.support.DependencyInjectionTestExecutionListener, org.springframework.test.context.support.DirtiesContextTestExecutionListener, org.springframework.test.context.transaction.TransactionalTestExecutionListener, org.springframework.test.context.jdbc.SqlScriptsTestExecutionListener, org.springframework.test.context.event.EventPublishingTestExecutionListener]
2021-07-12 09:39:59.174  INFO 6005 --- [    Test worker] .b.t.c.SpringBootTestContextBootstrapper : Using TestExecutionListeners: [org.springframework.test.context.web.ServletTestExecutionListener@64f19909, org.springframework.test.context.support.DirtiesContextBeforeModesTestExecutionListener@461ebceb, org.springframework.test.context.event.ApplicationEventsTestExecutionListener@7d88a81, org.springframework.boot.test.mock.mockito.MockitoTestExecutionListener@305a6837, org.springframework.boot.test.autoconfigure.SpringBootDependencyInjectionTestExecutionListener@580b86e4, org.springframework.test.context.support.DirtiesContextTestExecutionListener@6bc190ea, org.springframework.test.context.transaction.TransactionalTestExecutionListener@288e9391, org.springframework.test.context.jdbc.SqlScriptsTestExecutionListener@4b764d67, org.springframework.test.context.event.EventPublishingTestExecutionListener@4f4ede4b, org.springframework.boot.test.autoconfigure.restdocs.RestDocsTestExecutionListener@286f5188, org.springframework.boot.test.autoconfigure.web.client.MockRestServiceServerResetTestExecutionListener@74a15d0f, org.springframework.boot.test.autoconfigure.web.servlet.MockMvcPrintOnlyOnFailureTestExecutionListener@d452b89, org.springframework.boot.test.autoconfigure.web.servlet.WebDriverTestExecutionListener@34c010ec, org.springframework.boot.test.autoconfigure.webservices.client.MockWebServiceServerTestExecutionListener@6671e4ed, org.springframework.boot.test.mock.mockito.ResetMocksTestExecutionListener@18c68409]
2021-07-12 09:39:59.234  INFO 6005 --- [    Test worker] o.s.t.c.transaction.TransactionContext   : Began transaction (1) for test context [DefaultTestContext@50807255 testClass = BulletinBoardMySqlRepositoryTest, testInstance = com.miraeson.mini_site.repository.BulletinBoardMySqlRepositoryTest@49470ed9, testMethod = testBulletinTest@BulletinBoardMySqlRepositoryTest, testException = [null], mergedContextConfiguration = [WebMergedContextConfiguration@28f30c6b testClass = BulletinBoardMySqlRepositoryTest, locations = '{}', classes = '{class com.miraeson.mini_site.MiniSiteApplication}', contextInitializerClasses = '[]', activeProfiles = '{}', propertySourceLocations = '{}', propertySourceProperties = '{org.springframework.boot.test.context.SpringBootTestContextBootstrapper=true}', contextCustomizers = set[org.springframework.boot.test.autoconfigure.actuate.metrics.MetricsExportContextCustomizerFactory$DisableMetricExportContextCustomizer@a0c0980, org.springframework.boot.test.autoconfigure.properties.PropertyMappingContextCustomizer@0, org.springframework.boot.test.autoconfigure.web.servlet.WebDriverContextCustomizerFactory$Customizer@6ba32dba, org.springframework.boot.test.context.filter.ExcludeFilterContextCustomizer@6da698cb, org.springframework.boot.test.json.DuplicateJsonObjectContextCustomizerFactory$DuplicateJsonObjectContextCustomizer@3ae8f5d2, org.springframework.boot.test.mock.mockito.MockitoContextCustomizer@0, org.springframework.boot.test.web.client.TestRestTemplateContextCustomizer@310c0f4a, org.springframework.boot.test.context.SpringBootTestArgs@1, org.springframework.boot.test.context.SpringBootTestWebEnvironment@10f7fa14], resourceBasePath = 'src/main/webapp', contextLoader = 'org.springframework.boot.test.context.SpringBootContextLoader', parent = [null]], attributes = map['org.springframework.test.context.web.ServletTestExecutionListener.activateListener' -> true, 'org.springframework.test.context.web.ServletTestExecutionListener.populatedRequestContextHolder' -> true, 'org.springframework.test.context.web.ServletTestExecutionListener.resetRequestContextHolder' -> true, 'org.springframework.test.context.event.ApplicationEventsTestExecutionListener.recordApplicationEvents' -> false]]; transaction manager [org.springframework.orm.jpa.JpaTransactionManager@5f785c24]; rollback [true]
Hibernate: insert into bulletin_board (content, date, title, vies, writer) values (?, ?, ?, ?, ?)
2021-07-12 09:39:59.303  INFO 6005 --- [    Test worker] o.s.t.c.transaction.TransactionContext   : Rolled back transaction for test: [DefaultTestContext@50807255 testClass = BulletinBoardMySqlRepositoryTest, testInstance = com.miraeson.mini_site.repository.BulletinBoardMySqlRepositoryTest@49470ed9, testMethod = testBulletinTest@BulletinBoardMySqlRepositoryTest, testException = [null], mergedContextConfiguration = [WebMergedContextConfiguration@28f30c6b testClass = BulletinBoardMySqlRepositoryTest, locations = '{}', classes = '{class com.miraeson.mini_site.MiniSiteApplication}', contextInitializerClasses = '[]', activeProfiles = '{}', propertySourceLocations = '{}', propertySourceProperties = '{org.springframework.boot.test.context.SpringBootTestContextBootstrapper=true}', contextCustomizers = set[org.springframework.boot.test.autoconfigure.actuate.metrics.MetricsExportContextCustomizerFactory$DisableMetricExportContextCustomizer@a0c0980, org.springframework.boot.test.autoconfigure.properties.PropertyMappingContextCustomizer@0, org.springframework.boot.test.autoconfigure.web.servlet.WebDriverContextCustomizerFactory$Customizer@6ba32dba, org.springframework.boot.test.context.filter.ExcludeFilterContextCustomizer@6da698cb, org.springframework.boot.test.json.DuplicateJsonObjectContextCustomizerFactory$DuplicateJsonObjectContextCustomizer@3ae8f5d2, org.springframework.boot.test.mock.mockito.MockitoContextCustomizer@0, org.springframework.boot.test.web.client.TestRestTemplateContextCustomizer@310c0f4a, org.springframework.boot.test.context.SpringBootTestArgs@1, org.springframework.boot.test.context.SpringBootTestWebEnvironment@10f7fa14], resourceBasePath = 'src/main/webapp', contextLoader = 'org.springframework.boot.test.context.SpringBootContextLoader', parent = [null]], attributes = map['org.springframework.test.context.web.ServletTestExecutionListener.activateListener' -> true, 'org.springframework.test.context.web.ServletTestExecutionListener.populatedRequestContextHolder' -> true, 'org.springframework.test.context.web.ServletTestExecutionListener.resetRequestContextHolder' -> true, 'org.springframework.test.context.event.ApplicationEventsTestExecutionListener.recordApplicationEvents' -> false]]
]]></system-out>
  <system-err><![CDATA[]]></system-err>
</testsuite>
