<?xml version="1.0" encoding="UTF-8"?>
<testsuite name="com.miraeson.mini_site.service.ArticleServiceTest" tests="2" skipped="0" failures="0" errors="0" timestamp="2021-07-14T08:28:05" hostname="192.168.nate.com" time="0.376">
  <properties/>
  <testcase name="seeArticle()" classname="com.miraeson.mini_site.service.ArticleServiceTest" time="0.161"/>
  <testcase name="게시글 작성하기" classname="com.miraeson.mini_site.service.ArticleServiceTest" time="0.214"/>
  <system-out><![CDATA[2021-07-14 17:28:05.366  INFO 33354 --- [    Test worker] .b.t.c.SpringBootTestContextBootstrapper : Neither @ContextConfiguration nor @ContextHierarchy found for test class [com.miraeson.mini_site.service.ArticleServiceTest], using SpringBootContextLoader
2021-07-14 17:28:05.367  INFO 33354 --- [    Test worker] o.s.t.c.support.AbstractContextLoader    : Could not detect default resource locations for test class [com.miraeson.mini_site.service.ArticleServiceTest]: no resource found for suffixes {-context.xml, Context.groovy}.
2021-07-14 17:28:05.367  INFO 33354 --- [    Test worker] t.c.s.AnnotationConfigContextLoaderUtils : Could not detect default configuration classes for test class [com.miraeson.mini_site.service.ArticleServiceTest]: ArticleServiceTest does not declare any static, non-private, non-final, nested classes annotated with @Configuration.
2021-07-14 17:28:05.368  INFO 33354 --- [    Test worker] .b.t.c.SpringBootTestContextBootstrapper : Found @SpringBootConfiguration com.miraeson.mini_site.MiniSiteApplication for test class com.miraeson.mini_site.service.ArticleServiceTest
2021-07-14 17:28:05.369  INFO 33354 --- [    Test worker] .b.t.c.SpringBootTestContextBootstrapper : Loaded default TestExecutionListener class names from location [META-INF/spring.factories]: [org.springframework.boot.test.autoconfigure.restdocs.RestDocsTestExecutionListener, org.springframework.boot.test.autoconfigure.web.client.MockRestServiceServerResetTestExecutionListener, org.springframework.boot.test.autoconfigure.web.servlet.MockMvcPrintOnlyOnFailureTestExecutionListener, org.springframework.boot.test.autoconfigure.web.servlet.WebDriverTestExecutionListener, org.springframework.boot.test.autoconfigure.webservices.client.MockWebServiceServerTestExecutionListener, org.springframework.boot.test.mock.mockito.MockitoTestExecutionListener, org.springframework.boot.test.mock.mockito.ResetMocksTestExecutionListener, org.springframework.test.context.web.ServletTestExecutionListener, org.springframework.test.context.support.DirtiesContextBeforeModesTestExecutionListener, org.springframework.test.context.event.ApplicationEventsTestExecutionListener, org.springframework.test.context.support.DependencyInjectionTestExecutionListener, org.springframework.test.context.support.DirtiesContextTestExecutionListener, org.springframework.test.context.transaction.TransactionalTestExecutionListener, org.springframework.test.context.jdbc.SqlScriptsTestExecutionListener, org.springframework.test.context.event.EventPublishingTestExecutionListener]
2021-07-14 17:28:05.369  INFO 33354 --- [    Test worker] .b.t.c.SpringBootTestContextBootstrapper : Using TestExecutionListeners: [org.springframework.test.context.web.ServletTestExecutionListener@5f43e23a, org.springframework.test.context.support.DirtiesContextBeforeModesTestExecutionListener@a373839, org.springframework.test.context.event.ApplicationEventsTestExecutionListener@3b49cce2, org.springframework.boot.test.mock.mockito.MockitoTestExecutionListener@7a913c10, org.springframework.boot.test.autoconfigure.SpringBootDependencyInjectionTestExecutionListener@3a03434a, org.springframework.test.context.support.DirtiesContextTestExecutionListener@9c642c3, org.springframework.test.context.transaction.TransactionalTestExecutionListener@7c9db1c5, org.springframework.test.context.jdbc.SqlScriptsTestExecutionListener@f9f73fa, org.springframework.test.context.event.EventPublishingTestExecutionListener@2fa67850, org.springframework.boot.test.autoconfigure.restdocs.RestDocsTestExecutionListener@144df73d, org.springframework.boot.test.autoconfigure.web.client.MockRestServiceServerResetTestExecutionListener@5cf7fe8, org.springframework.boot.test.autoconfigure.web.servlet.MockMvcPrintOnlyOnFailureTestExecutionListener@713bcc08, org.springframework.boot.test.autoconfigure.web.servlet.WebDriverTestExecutionListener@6d435e87, org.springframework.boot.test.autoconfigure.webservices.client.MockWebServiceServerTestExecutionListener@16ccb80d, org.springframework.boot.test.mock.mockito.ResetMocksTestExecutionListener@6802b503]
2021-07-14 17:28:05.402  INFO 33354 --- [    Test worker] o.s.t.c.transaction.TransactionContext   : Began transaction (1) for test context [DefaultTestContext@3036a698 testClass = ArticleServiceTest, testInstance = com.miraeson.mini_site.service.ArticleServiceTest@43497c43, testMethod = seeArticle@ArticleServiceTest, testException = [null], mergedContextConfiguration = [WebMergedContextConfiguration@3e1e7384 testClass = ArticleServiceTest, locations = '{}', classes = '{class com.miraeson.mini_site.MiniSiteApplication}', contextInitializerClasses = '[]', activeProfiles = '{}', propertySourceLocations = '{}', propertySourceProperties = '{org.springframework.boot.test.context.SpringBootTestContextBootstrapper=true}', contextCustomizers = set[org.springframework.boot.test.autoconfigure.actuate.metrics.MetricsExportContextCustomizerFactory$DisableMetricExportContextCustomizer@1a67df73, org.springframework.boot.test.autoconfigure.properties.PropertyMappingContextCustomizer@0, org.springframework.boot.test.autoconfigure.web.servlet.WebDriverContextCustomizerFactory$Customizer@32513fa9, org.springframework.boot.test.context.filter.ExcludeFilterContextCustomizer@1b1f757e, org.springframework.boot.test.json.DuplicateJsonObjectContextCustomizerFactory$DuplicateJsonObjectContextCustomizer@47b0d2cc, org.springframework.boot.test.mock.mockito.MockitoContextCustomizer@0, org.springframework.boot.test.web.client.TestRestTemplateContextCustomizer@ec42a06, org.springframework.boot.test.context.SpringBootTestArgs@1, org.springframework.boot.test.context.SpringBootTestWebEnvironment@78210aaf], resourceBasePath = 'src/main/webapp', contextLoader = 'org.springframework.boot.test.context.SpringBootContextLoader', parent = [null]], attributes = map['org.springframework.test.context.web.ServletTestExecutionListener.activateListener' -> true, 'org.springframework.test.context.web.ServletTestExecutionListener.populatedRequestContextHolder' -> true, 'org.springframework.test.context.web.ServletTestExecutionListener.resetRequestContextHolder' -> true, 'org.springframework.test.context.event.ApplicationEventsTestExecutionListener.recordApplicationEvents' -> false]]; transaction manager [org.springframework.orm.jpa.JpaTransactionManager@31d94749]; rollback [true]
Hibernate: select article0_.id as id1_0_0_, article0_.board as board2_0_0_, article0_.content as content3_0_0_, article0_.created_time as created_4_0_0_, article0_.deleted as deleted5_0_0_, article0_.title as title6_0_0_, article0_.updated_time as updated_7_0_0_, article0_.user_id as user_id9_0_0_, article0_.views as views8_0_0_ from article article0_ where article0_.id=?
2021-07-14 17:28:05.531  INFO 33354 --- [    Test worker] o.s.t.c.transaction.TransactionContext   : Rolled back transaction for test: [DefaultTestContext@3036a698 testClass = ArticleServiceTest, testInstance = com.miraeson.mini_site.service.ArticleServiceTest@43497c43, testMethod = seeArticle@ArticleServiceTest, testException = [null], mergedContextConfiguration = [WebMergedContextConfiguration@3e1e7384 testClass = ArticleServiceTest, locations = '{}', classes = '{class com.miraeson.mini_site.MiniSiteApplication}', contextInitializerClasses = '[]', activeProfiles = '{}', propertySourceLocations = '{}', propertySourceProperties = '{org.springframework.boot.test.context.SpringBootTestContextBootstrapper=true}', contextCustomizers = set[org.springframework.boot.test.autoconfigure.actuate.metrics.MetricsExportContextCustomizerFactory$DisableMetricExportContextCustomizer@1a67df73, org.springframework.boot.test.autoconfigure.properties.PropertyMappingContextCustomizer@0, org.springframework.boot.test.autoconfigure.web.servlet.WebDriverContextCustomizerFactory$Customizer@32513fa9, org.springframework.boot.test.context.filter.ExcludeFilterContextCustomizer@1b1f757e, org.springframework.boot.test.json.DuplicateJsonObjectContextCustomizerFactory$DuplicateJsonObjectContextCustomizer@47b0d2cc, org.springframework.boot.test.mock.mockito.MockitoContextCustomizer@0, org.springframework.boot.test.web.client.TestRestTemplateContextCustomizer@ec42a06, org.springframework.boot.test.context.SpringBootTestArgs@1, org.springframework.boot.test.context.SpringBootTestWebEnvironment@78210aaf], resourceBasePath = 'src/main/webapp', contextLoader = 'org.springframework.boot.test.context.SpringBootContextLoader', parent = [null]], attributes = map['org.springframework.test.context.web.ServletTestExecutionListener.activateListener' -> true, 'org.springframework.test.context.web.ServletTestExecutionListener.populatedRequestContextHolder' -> true, 'org.springframework.test.context.web.ServletTestExecutionListener.resetRequestContextHolder' -> true, 'org.springframework.test.context.event.ApplicationEventsTestExecutionListener.recordApplicationEvents' -> false]]
2021-07-14 17:28:05.567  INFO 33354 --- [    Test worker] o.s.t.c.transaction.TransactionContext   : Began transaction (1) for test context [DefaultTestContext@3036a698 testClass = ArticleServiceTest, testInstance = com.miraeson.mini_site.service.ArticleServiceTest@1bfb8e70, testMethod = writeArticle@ArticleServiceTest, testException = [null], mergedContextConfiguration = [WebMergedContextConfiguration@3e1e7384 testClass = ArticleServiceTest, locations = '{}', classes = '{class com.miraeson.mini_site.MiniSiteApplication}', contextInitializerClasses = '[]', activeProfiles = '{}', propertySourceLocations = '{}', propertySourceProperties = '{org.springframework.boot.test.context.SpringBootTestContextBootstrapper=true}', contextCustomizers = set[org.springframework.boot.test.autoconfigure.actuate.metrics.MetricsExportContextCustomizerFactory$DisableMetricExportContextCustomizer@1a67df73, org.springframework.boot.test.autoconfigure.properties.PropertyMappingContextCustomizer@0, org.springframework.boot.test.autoconfigure.web.servlet.WebDriverContextCustomizerFactory$Customizer@32513fa9, org.springframework.boot.test.context.filter.ExcludeFilterContextCustomizer@1b1f757e, org.springframework.boot.test.json.DuplicateJsonObjectContextCustomizerFactory$DuplicateJsonObjectContextCustomizer@47b0d2cc, org.springframework.boot.test.mock.mockito.MockitoContextCustomizer@0, org.springframework.boot.test.web.client.TestRestTemplateContextCustomizer@ec42a06, org.springframework.boot.test.context.SpringBootTestArgs@1, org.springframework.boot.test.context.SpringBootTestWebEnvironment@78210aaf], resourceBasePath = 'src/main/webapp', contextLoader = 'org.springframework.boot.test.context.SpringBootContextLoader', parent = [null]], attributes = map['org.springframework.test.context.web.ServletTestExecutionListener.activateListener' -> true, 'org.springframework.test.context.web.ServletTestExecutionListener.populatedRequestContextHolder' -> true, 'org.springframework.test.context.web.ServletTestExecutionListener.resetRequestContextHolder' -> true, 'org.springframework.test.context.event.ApplicationEventsTestExecutionListener.recordApplicationEvents' -> false]]; transaction manager [org.springframework.orm.jpa.JpaTransactionManager@31d94749]; rollback [true]
Hibernate: select user0_.id as id1_1_0_, user0_.admin as admin2_1_0_, user0_.avatar as avatar3_1_0_, user0_.created_time as created_4_1_0_, user0_.email as email5_1_0_, user0_.memo as memo6_1_0_, user0_.social_type as social_t7_1_0_, user0_.username as username8_1_0_, user0_.withdraw as withdraw9_1_0_, user0_.withdraw_time as withdra10_1_0_ from user user0_ where user0_.id=?
article = com.miraeson.mini_site.domain.Article@2df13805
Hibernate: insert into article (board, content, created_time, deleted, title, updated_time, user_id, views) values (?, ?, ?, ?, ?, ?, ?, ?)
2021-07-14 17:28:05.747  INFO 33354 --- [    Test worker] o.s.t.c.transaction.TransactionContext   : Rolled back transaction for test: [DefaultTestContext@3036a698 testClass = ArticleServiceTest, testInstance = com.miraeson.mini_site.service.ArticleServiceTest@1bfb8e70, testMethod = writeArticle@ArticleServiceTest, testException = [null], mergedContextConfiguration = [WebMergedContextConfiguration@3e1e7384 testClass = ArticleServiceTest, locations = '{}', classes = '{class com.miraeson.mini_site.MiniSiteApplication}', contextInitializerClasses = '[]', activeProfiles = '{}', propertySourceLocations = '{}', propertySourceProperties = '{org.springframework.boot.test.context.SpringBootTestContextBootstrapper=true}', contextCustomizers = set[org.springframework.boot.test.autoconfigure.actuate.metrics.MetricsExportContextCustomizerFactory$DisableMetricExportContextCustomizer@1a67df73, org.springframework.boot.test.autoconfigure.properties.PropertyMappingContextCustomizer@0, org.springframework.boot.test.autoconfigure.web.servlet.WebDriverContextCustomizerFactory$Customizer@32513fa9, org.springframework.boot.test.context.filter.ExcludeFilterContextCustomizer@1b1f757e, org.springframework.boot.test.json.DuplicateJsonObjectContextCustomizerFactory$DuplicateJsonObjectContextCustomizer@47b0d2cc, org.springframework.boot.test.mock.mockito.MockitoContextCustomizer@0, org.springframework.boot.test.web.client.TestRestTemplateContextCustomizer@ec42a06, org.springframework.boot.test.context.SpringBootTestArgs@1, org.springframework.boot.test.context.SpringBootTestWebEnvironment@78210aaf], resourceBasePath = 'src/main/webapp', contextLoader = 'org.springframework.boot.test.context.SpringBootContextLoader', parent = [null]], attributes = map['org.springframework.test.context.web.ServletTestExecutionListener.activateListener' -> true, 'org.springframework.test.context.web.ServletTestExecutionListener.populatedRequestContextHolder' -> true, 'org.springframework.test.context.web.ServletTestExecutionListener.resetRequestContextHolder' -> true, 'org.springframework.test.context.event.ApplicationEventsTestExecutionListener.recordApplicationEvents' -> false]]
]]></system-out>
  <system-err><![CDATA[]]></system-err>
</testsuite>
