<?xml version="1.0" encoding="UTF-8"?>
<testsuite name="com.miraeson.mini_site.service.ArticleServiceTest" tests="1" skipped="0" failures="0" errors="0" timestamp="2021-07-14T00:42:08" hostname="192.168.nate.com" time="0.19">
  <properties/>
  <testcase name="게시글 작성하기" classname="com.miraeson.mini_site.service.ArticleServiceTest" time="0.19"/>
  <system-out><![CDATA[2021-07-14 09:42:08.330  INFO 8888 --- [    Test worker] .b.t.c.SpringBootTestContextBootstrapper : Neither @ContextConfiguration nor @ContextHierarchy found for test class [com.miraeson.mini_site.service.ArticleServiceTest], using SpringBootContextLoader
2021-07-14 09:42:08.330  INFO 8888 --- [    Test worker] o.s.t.c.support.AbstractContextLoader    : Could not detect default resource locations for test class [com.miraeson.mini_site.service.ArticleServiceTest]: no resource found for suffixes {-context.xml, Context.groovy}.
2021-07-14 09:42:08.330  INFO 8888 --- [    Test worker] t.c.s.AnnotationConfigContextLoaderUtils : Could not detect default configuration classes for test class [com.miraeson.mini_site.service.ArticleServiceTest]: ArticleServiceTest does not declare any static, non-private, non-final, nested classes annotated with @Configuration.
2021-07-14 09:42:08.331  INFO 8888 --- [    Test worker] .b.t.c.SpringBootTestContextBootstrapper : Found @SpringBootConfiguration com.miraeson.mini_site.MiniSiteApplication for test class com.miraeson.mini_site.service.ArticleServiceTest
2021-07-14 09:42:08.332  INFO 8888 --- [    Test worker] .b.t.c.SpringBootTestContextBootstrapper : Loaded default TestExecutionListener class names from location [META-INF/spring.factories]: [org.springframework.boot.test.autoconfigure.restdocs.RestDocsTestExecutionListener, org.springframework.boot.test.autoconfigure.web.client.MockRestServiceServerResetTestExecutionListener, org.springframework.boot.test.autoconfigure.web.servlet.MockMvcPrintOnlyOnFailureTestExecutionListener, org.springframework.boot.test.autoconfigure.web.servlet.WebDriverTestExecutionListener, org.springframework.boot.test.autoconfigure.webservices.client.MockWebServiceServerTestExecutionListener, org.springframework.boot.test.mock.mockito.MockitoTestExecutionListener, org.springframework.boot.test.mock.mockito.ResetMocksTestExecutionListener, org.springframework.test.context.web.ServletTestExecutionListener, org.springframework.test.context.support.DirtiesContextBeforeModesTestExecutionListener, org.springframework.test.context.event.ApplicationEventsTestExecutionListener, org.springframework.test.context.support.DependencyInjectionTestExecutionListener, org.springframework.test.context.support.DirtiesContextTestExecutionListener, org.springframework.test.context.transaction.TransactionalTestExecutionListener, org.springframework.test.context.jdbc.SqlScriptsTestExecutionListener, org.springframework.test.context.event.EventPublishingTestExecutionListener]
2021-07-14 09:42:08.332  INFO 8888 --- [    Test worker] .b.t.c.SpringBootTestContextBootstrapper : Using TestExecutionListeners: [org.springframework.test.context.web.ServletTestExecutionListener@5bc3ef3, org.springframework.test.context.support.DirtiesContextBeforeModesTestExecutionListener@608c3cb0, org.springframework.test.context.event.ApplicationEventsTestExecutionListener@7c8eec99, org.springframework.boot.test.mock.mockito.MockitoTestExecutionListener@585998d7, org.springframework.boot.test.autoconfigure.SpringBootDependencyInjectionTestExecutionListener@3c766e89, org.springframework.test.context.support.DirtiesContextTestExecutionListener@3d1eac0b, org.springframework.test.context.transaction.TransactionalTestExecutionListener@367f7515, org.springframework.test.context.jdbc.SqlScriptsTestExecutionListener@22f4cc2d, org.springframework.test.context.event.EventPublishingTestExecutionListener@2df9ecdc, org.springframework.boot.test.autoconfigure.restdocs.RestDocsTestExecutionListener@65cf639c, org.springframework.boot.test.autoconfigure.web.client.MockRestServiceServerResetTestExecutionListener@28d565ed, org.springframework.boot.test.autoconfigure.web.servlet.MockMvcPrintOnlyOnFailureTestExecutionListener@2cc4417e, org.springframework.boot.test.autoconfigure.web.servlet.WebDriverTestExecutionListener@4eb9d736, org.springframework.boot.test.autoconfigure.webservices.client.MockWebServiceServerTestExecutionListener@50749efe, org.springframework.boot.test.mock.mockito.ResetMocksTestExecutionListener@538d7310]
2021-07-14 09:42:08.354  INFO 8888 --- [    Test worker] o.s.t.c.transaction.TransactionContext   : Began transaction (1) for test context [DefaultTestContext@5d4c6b56 testClass = ArticleServiceTest, testInstance = com.miraeson.mini_site.service.ArticleServiceTest@29bb9d6f, testMethod = writeArticle@ArticleServiceTest, testException = [null], mergedContextConfiguration = [WebMergedContextConfiguration@11166ebb testClass = ArticleServiceTest, locations = '{}', classes = '{class com.miraeson.mini_site.MiniSiteApplication}', contextInitializerClasses = '[]', activeProfiles = '{}', propertySourceLocations = '{}', propertySourceProperties = '{org.springframework.boot.test.context.SpringBootTestContextBootstrapper=true}', contextCustomizers = set[org.springframework.boot.test.autoconfigure.actuate.metrics.MetricsExportContextCustomizerFactory$DisableMetricExportContextCustomizer@4ec1008c, org.springframework.boot.test.autoconfigure.properties.PropertyMappingContextCustomizer@0, org.springframework.boot.test.autoconfigure.web.servlet.WebDriverContextCustomizerFactory$Customizer@6906caff, org.springframework.boot.test.context.filter.ExcludeFilterContextCustomizer@47e4b524, org.springframework.boot.test.json.DuplicateJsonObjectContextCustomizerFactory$DuplicateJsonObjectContextCustomizer@7930a2e9, org.springframework.boot.test.mock.mockito.MockitoContextCustomizer@0, org.springframework.boot.test.web.client.TestRestTemplateContextCustomizer@6d8b7293, org.springframework.boot.test.context.SpringBootTestArgs@1, org.springframework.boot.test.context.SpringBootTestWebEnvironment@78210aaf], resourceBasePath = 'src/main/webapp', contextLoader = 'org.springframework.boot.test.context.SpringBootContextLoader', parent = [null]], attributes = map['org.springframework.test.context.web.ServletTestExecutionListener.activateListener' -> true, 'org.springframework.test.context.web.ServletTestExecutionListener.populatedRequestContextHolder' -> true, 'org.springframework.test.context.web.ServletTestExecutionListener.resetRequestContextHolder' -> true, 'org.springframework.test.context.event.ApplicationEventsTestExecutionListener.recordApplicationEvents' -> false]]; transaction manager [org.springframework.orm.jpa.JpaTransactionManager@4910d0d2]; rollback [true]
Hibernate: select user0_.id as id1_1_0_, user0_.admin as admin2_1_0_, user0_.avatar as avatar3_1_0_, user0_.created_time as created_4_1_0_, user0_.email as email5_1_0_, user0_.memo as memo6_1_0_, user0_.social_type as social_t7_1_0_, user0_.username as username8_1_0_, user0_.withdraw as withdraw9_1_0_, user0_.withdraw_time as withdra10_1_0_ from user user0_ where user0_.id=?
article = com.miraeson.mini_site.domain.Article@3f16bed8
Hibernate: insert into article (board, content, created_time, deleted, title, updated_time, user_id, views) values (?, ?, ?, ?, ?, ?, ?, ?)
2021-07-14 09:42:08.523  INFO 8888 --- [    Test worker] o.s.t.c.transaction.TransactionContext   : Rolled back transaction for test: [DefaultTestContext@5d4c6b56 testClass = ArticleServiceTest, testInstance = com.miraeson.mini_site.service.ArticleServiceTest@29bb9d6f, testMethod = writeArticle@ArticleServiceTest, testException = [null], mergedContextConfiguration = [WebMergedContextConfiguration@11166ebb testClass = ArticleServiceTest, locations = '{}', classes = '{class com.miraeson.mini_site.MiniSiteApplication}', contextInitializerClasses = '[]', activeProfiles = '{}', propertySourceLocations = '{}', propertySourceProperties = '{org.springframework.boot.test.context.SpringBootTestContextBootstrapper=true}', contextCustomizers = set[org.springframework.boot.test.autoconfigure.actuate.metrics.MetricsExportContextCustomizerFactory$DisableMetricExportContextCustomizer@4ec1008c, org.springframework.boot.test.autoconfigure.properties.PropertyMappingContextCustomizer@0, org.springframework.boot.test.autoconfigure.web.servlet.WebDriverContextCustomizerFactory$Customizer@6906caff, org.springframework.boot.test.context.filter.ExcludeFilterContextCustomizer@47e4b524, org.springframework.boot.test.json.DuplicateJsonObjectContextCustomizerFactory$DuplicateJsonObjectContextCustomizer@7930a2e9, org.springframework.boot.test.mock.mockito.MockitoContextCustomizer@0, org.springframework.boot.test.web.client.TestRestTemplateContextCustomizer@6d8b7293, org.springframework.boot.test.context.SpringBootTestArgs@1, org.springframework.boot.test.context.SpringBootTestWebEnvironment@78210aaf], resourceBasePath = 'src/main/webapp', contextLoader = 'org.springframework.boot.test.context.SpringBootContextLoader', parent = [null]], attributes = map['org.springframework.test.context.web.ServletTestExecutionListener.activateListener' -> true, 'org.springframework.test.context.web.ServletTestExecutionListener.populatedRequestContextHolder' -> true, 'org.springframework.test.context.web.ServletTestExecutionListener.resetRequestContextHolder' -> true, 'org.springframework.test.context.event.ApplicationEventsTestExecutionListener.recordApplicationEvents' -> false]]
]]></system-out>
  <system-err><![CDATA[]]></system-err>
</testsuite>
